  Source.cpp
C:\Users\ADMIN\source\repos\P5B - Phang Wai Hong (RSF2G1)\P5B - Phang Wai Hong (RSF2G1)\Source.cpp(27,47): warning C4305: 'initializing': truncation from 'double' to 'float'
C:\Users\ADMIN\source\repos\P5B - Phang Wai Hong (RSF2G1)\P5B - Phang Wai Hong (RSF2G1)\Source.cpp(28,45): warning C4305: 'initializing': truncation from 'double' to 'float'
C:\Users\ADMIN\source\repos\P5B - Phang Wai Hong (RSF2G1)\P5B - Phang Wai Hong (RSF2G1)\Source.cpp(29,26): warning C4305: 'initializing': truncation from 'double' to 'float'
C:\Users\ADMIN\source\repos\P5B - Phang Wai Hong (RSF2G1)\P5B - Phang Wai Hong (RSF2G1)\Source.cpp(120,16): warning C4305: '+=': truncation from 'double' to 'float'
C:\Users\ADMIN\source\repos\P5B - Phang Wai Hong (RSF2G1)\P5B - Phang Wai Hong (RSF2G1)\Source.cpp(123,16): warning C4305: '-=': truncation from 'double' to 'float'
C:\Users\ADMIN\source\repos\P5B - Phang Wai Hong (RSF2G1)\P5B - Phang Wai Hong (RSF2G1)\Source.cpp(194,24): warning C4305: 'argument': truncation from 'double' to 'GLfloat'
C:\Users\ADMIN\source\repos\P5B - Phang Wai Hong (RSF2G1)\P5B - Phang Wai Hong (RSF2G1)\Source.cpp(204,28): warning C4305: 'argument': truncation from 'double' to 'GLfloat'
C:\Users\ADMIN\source\repos\P5B - Phang Wai Hong (RSF2G1)\P5B - Phang Wai Hong (RSF2G1)\Source.cpp(222,24): warning C4305: 'argument': truncation from 'double' to 'GLfloat'
C:\Users\ADMIN\source\repos\P5B - Phang Wai Hong (RSF2G1)\P5B - Phang Wai Hong (RSF2G1)\Source.cpp(224,44): warning C4305: 'argument': truncation from 'double' to 'float'
C:\Users\ADMIN\source\repos\P5B - Phang Wai Hong (RSF2G1)\P5B - Phang Wai Hong (RSF2G1)\Source.cpp(226,44): warning C4305: 'argument': truncation from 'double' to 'float'
C:\Users\ADMIN\source\repos\P5B - Phang Wai Hong (RSF2G1)\P5B - Phang Wai Hong (RSF2G1)\Source.cpp(231,28): warning C4305: 'argument': truncation from 'double' to 'GLfloat'
C:\Users\ADMIN\source\repos\P5B - Phang Wai Hong (RSF2G1)\P5B - Phang Wai Hong (RSF2G1)\Source.cpp(232,47): warning C4305: 'argument': truncation from 'double' to 'float'
C:\Users\ADMIN\source\repos\P5B - Phang Wai Hong (RSF2G1)\P5B - Phang Wai Hong (RSF2G1)\Source.cpp(246,25): warning C4305: 'argument': truncation from 'double' to 'GLfloat'
C:\Users\ADMIN\source\repos\P5B - Phang Wai Hong (RSF2G1)\P5B - Phang Wai Hong (RSF2G1)\Source.cpp(261,24): warning C4305: 'argument': truncation from 'double' to 'GLfloat'
C:\Users\ADMIN\source\repos\P5B - Phang Wai Hong (RSF2G1)\P5B - Phang Wai Hong (RSF2G1)\Source.cpp(288,28): warning C4305: 'argument': truncation from 'double' to 'GLfloat'
C:\Users\ADMIN\source\repos\P5B - Phang Wai Hong (RSF2G1)\P5B - Phang Wai Hong (RSF2G1)\Source.cpp(292,31): warning C4305: 'argument': truncation from 'double' to 'GLfloat'
C:\Users\ADMIN\source\repos\P5B - Phang Wai Hong (RSF2G1)\P5B - Phang Wai Hong (RSF2G1)\Source.cpp(298,31): warning C4305: 'argument': truncation from 'double' to 'GLfloat'
C:\Users\ADMIN\source\repos\P5B - Phang Wai Hong (RSF2G1)\P5B - Phang Wai Hong (RSF2G1)\Source.cpp(304,31): warning C4305: 'argument': truncation from 'double' to 'GLfloat'
C:\Users\ADMIN\source\repos\P5B - Phang Wai Hong (RSF2G1)\P5B - Phang Wai Hong (RSF2G1)\Source.cpp(310,31): warning C4305: 'argument': truncation from 'double' to 'GLfloat'
C:\Users\ADMIN\source\repos\P5B - Phang Wai Hong (RSF2G1)\P5B - Phang Wai Hong (RSF2G1)\Source.cpp(358,28): warning C4305: 'argument': truncation from 'double' to 'GLfloat'
C:\Users\ADMIN\source\repos\P5B - Phang Wai Hong (RSF2G1)\P5B - Phang Wai Hong (RSF2G1)\Source.cpp(367,28): warning C4305: 'argument': truncation from 'double' to 'GLfloat'
C:\Users\ADMIN\source\repos\P5B - Phang Wai Hong (RSF2G1)\P5B - Phang Wai Hong (RSF2G1)\Source.cpp(371,32): warning C4305: 'argument': truncation from 'double' to 'GLfloat'
C:\Users\ADMIN\source\repos\P5B - Phang Wai Hong (RSF2G1)\P5B - Phang Wai Hong (RSF2G1)\Source.cpp(376,31): warning C4305: 'argument': truncation from 'double' to 'GLfloat'
C:\Users\ADMIN\source\repos\P5B - Phang Wai Hong (RSF2G1)\P5B - Phang Wai Hong (RSF2G1)\Source.cpp(386,28): warning C4305: 'argument': truncation from 'double' to 'GLfloat'
C:\Users\ADMIN\source\repos\P5B - Phang Wai Hong (RSF2G1)\P5B - Phang Wai Hong (RSF2G1)\Source.cpp(407,15): warning C4244: 'argument': conversion from 'int' to 'GLfloat', possible loss of data
C:\Users\ADMIN\source\repos\P5B - Phang Wai Hong (RSF2G1)\P5B - Phang Wai Hong (RSF2G1)\Source.cpp(408,25): warning C4305: 'argument': truncation from 'double' to 'GLfloat'
C:\Users\ADMIN\source\repos\P5B - Phang Wai Hong (RSF2G1)\P5B - Phang Wai Hong (RSF2G1)\Source.cpp(409,33): warning C4305: 'argument': truncation from 'double' to 'GLfloat'
C:\Users\ADMIN\source\repos\P5B - Phang Wai Hong (RSF2G1)\P5B - Phang Wai Hong (RSF2G1)\Source.cpp(416,20): warning C4244: 'argument': conversion from 'double' to 'GLfloat', possible loss of data
C:\Users\ADMIN\source\repos\P5B - Phang Wai Hong (RSF2G1)\P5B - Phang Wai Hong (RSF2G1)\Source.cpp(427,25): warning C4305: 'argument': truncation from 'double' to 'GLfloat'
C:\Users\ADMIN\source\repos\P5B - Phang Wai Hong (RSF2G1)\P5B - Phang Wai Hong (RSF2G1)\Source.cpp(429,24): warning C4305: 'argument': truncation from 'double' to 'GLfloat'
C:\Users\ADMIN\source\repos\P5B - Phang Wai Hong (RSF2G1)\P5B - Phang Wai Hong (RSF2G1)\Source.cpp(433,24): warning C4305: 'argument': truncation from 'double' to 'GLfloat'
C:\Users\ADMIN\source\repos\P5B - Phang Wai Hong (RSF2G1)\P5B - Phang Wai Hong (RSF2G1)\Source.cpp(434,38): warning C4305: '+=': truncation from 'double' to 'float'
C:\Users\ADMIN\source\repos\P5B - Phang Wai Hong (RSF2G1)\P5B - Phang Wai Hong (RSF2G1)\Source.cpp(442,24): warning C4305: 'argument': truncation from 'double' to 'GLfloat'
C:\Users\ADMIN\source\repos\P5B - Phang Wai Hong (RSF2G1)\P5B - Phang Wai Hong (RSF2G1)\Source.cpp(444,24): warning C4305: 'argument': truncation from 'double' to 'GLfloat'
C:\Users\ADMIN\source\repos\P5B - Phang Wai Hong (RSF2G1)\P5B - Phang Wai Hong (RSF2G1)\Source.cpp(448,25): warning C4305: 'argument': truncation from 'double' to 'GLfloat'
C:\Users\ADMIN\source\repos\P5B - Phang Wai Hong (RSF2G1)\P5B - Phang Wai Hong (RSF2G1)\Source.cpp(449,38): warning C4305: '+=': truncation from 'double' to 'float'
C:\Users\ADMIN\source\repos\P5B - Phang Wai Hong (RSF2G1)\P5B - Phang Wai Hong (RSF2G1)\Source.cpp(460,25): warning C4305: 'argument': truncation from 'double' to 'GLfloat'
C:\Users\ADMIN\source\repos\P5B - Phang Wai Hong (RSF2G1)\P5B - Phang Wai Hong (RSF2G1)\Source.cpp(468,25): warning C4305: 'argument': truncation from 'double' to 'GLfloat'
C:\Users\ADMIN\source\repos\P5B - Phang Wai Hong (RSF2G1)\P5B - Phang Wai Hong (RSF2G1)\Source.cpp(476,25): warning C4305: 'argument': truncation from 'double' to 'GLfloat'
C:\Users\ADMIN\source\repos\P5B - Phang Wai Hong (RSF2G1)\P5B - Phang Wai Hong (RSF2G1)\Source.cpp(487,28): warning C4305: 'argument': truncation from 'double' to 'GLfloat'
C:\Users\ADMIN\source\repos\P5B - Phang Wai Hong (RSF2G1)\P5B - Phang Wai Hong (RSF2G1)\Source.cpp(488,48): warning C4305: 'argument': truncation from 'double' to 'float'
C:\Users\ADMIN\source\repos\P5B - Phang Wai Hong (RSF2G1)\P5B - Phang Wai Hong (RSF2G1)\Source.cpp(504,24): warning C4305: 'argument': truncation from 'double' to 'GLfloat'
C:\Users\ADMIN\source\repos\P5B - Phang Wai Hong (RSF2G1)\P5B - Phang Wai Hong (RSF2G1)\Source.cpp(510,25): warning C4305: 'argument': truncation from 'double' to 'GLfloat'
C:\Users\ADMIN\source\repos\P5B - Phang Wai Hong (RSF2G1)\P5B - Phang Wai Hong (RSF2G1)\Source.cpp(517,24): warning C4305: 'argument': truncation from 'double' to 'GLfloat'
C:\Users\ADMIN\source\repos\P5B - Phang Wai Hong (RSF2G1)\P5B - Phang Wai Hong (RSF2G1)\Source.cpp(524,25): warning C4305: 'argument': truncation from 'double' to 'GLfloat'
C:\Users\ADMIN\source\repos\P5B - Phang Wai Hong (RSF2G1)\P5B - Phang Wai Hong (RSF2G1)\Source.cpp(530,31): warning C4305: 'argument': truncation from 'double' to 'GLfloat'
C:\Users\ADMIN\source\repos\P5B - Phang Wai Hong (RSF2G1)\P5B - Phang Wai Hong (RSF2G1)\Source.cpp(531,14): warning C4305: 'argument': truncation from 'double' to 'float'
C:\Users\ADMIN\source\repos\P5B - Phang Wai Hong (RSF2G1)\P5B - Phang Wai Hong (RSF2G1)\Source.cpp(535,31): warning C4305: 'argument': truncation from 'double' to 'GLfloat'
C:\Users\ADMIN\source\repos\P5B - Phang Wai Hong (RSF2G1)\P5B - Phang Wai Hong (RSF2G1)\Source.cpp(540,31): warning C4305: 'argument': truncation from 'double' to 'GLfloat'
C:\Users\ADMIN\source\repos\P5B - Phang Wai Hong (RSF2G1)\P5B - Phang Wai Hong (RSF2G1)\Source.cpp(541,14): warning C4305: 'argument': truncation from 'double' to 'float'
C:\Users\ADMIN\source\repos\P5B - Phang Wai Hong (RSF2G1)\P5B - Phang Wai Hong (RSF2G1)\Source.cpp(545,31): warning C4305: 'argument': truncation from 'double' to 'GLfloat'
C:\Users\ADMIN\source\repos\P5B - Phang Wai Hong (RSF2G1)\P5B - Phang Wai Hong (RSF2G1)\Source.cpp(546,13): warning C4305: 'argument': truncation from 'double' to 'float'
C:\Users\ADMIN\source\repos\P5B - Phang Wai Hong (RSF2G1)\P5B - Phang Wai Hong (RSF2G1)\Source.cpp(550,31): warning C4305: 'argument': truncation from 'double' to 'GLfloat'
C:\Users\ADMIN\source\repos\P5B - Phang Wai Hong (RSF2G1)\P5B - Phang Wai Hong (RSF2G1)\Source.cpp(551,14): warning C4305: 'argument': truncation from 'double' to 'float'
C:\Users\ADMIN\source\repos\P5B - Phang Wai Hong (RSF2G1)\P5B - Phang Wai Hong (RSF2G1)\Source.cpp(555,31): warning C4305: 'argument': truncation from 'double' to 'GLfloat'
C:\Users\ADMIN\source\repos\P5B - Phang Wai Hong (RSF2G1)\P5B - Phang Wai Hong (RSF2G1)\Source.cpp(556,14): warning C4305: 'argument': truncation from 'double' to 'float'
C:\Users\ADMIN\source\repos\P5B - Phang Wai Hong (RSF2G1)\P5B - Phang Wai Hong (RSF2G1)\Source.cpp(560,31): warning C4305: 'argument': truncation from 'double' to 'GLfloat'
C:\Users\ADMIN\source\repos\P5B - Phang Wai Hong (RSF2G1)\P5B - Phang Wai Hong (RSF2G1)\Source.cpp(561,14): warning C4305: 'argument': truncation from 'double' to 'float'
C:\Users\ADMIN\source\repos\P5B - Phang Wai Hong (RSF2G1)\P5B - Phang Wai Hong (RSF2G1)\Source.cpp(565,31): warning C4305: 'argument': truncation from 'double' to 'GLfloat'
C:\Users\ADMIN\source\repos\P5B - Phang Wai Hong (RSF2G1)\P5B - Phang Wai Hong (RSF2G1)\Source.cpp(566,14): warning C4305: 'argument': truncation from 'double' to 'float'
C:\Users\ADMIN\source\repos\P5B - Phang Wai Hong (RSF2G1)\P5B - Phang Wai Hong (RSF2G1)\Source.cpp(570,31): warning C4305: 'argument': truncation from 'double' to 'GLfloat'
C:\Users\ADMIN\source\repos\P5B - Phang Wai Hong (RSF2G1)\P5B - Phang Wai Hong (RSF2G1)\Source.cpp(571,14): warning C4305: 'argument': truncation from 'double' to 'float'
C:\Users\ADMIN\source\repos\P5B - Phang Wai Hong (RSF2G1)\P5B - Phang Wai Hong (RSF2G1)\Source.cpp(575,31): warning C4305: 'argument': truncation from 'double' to 'GLfloat'
C:\Users\ADMIN\source\repos\P5B - Phang Wai Hong (RSF2G1)\P5B - Phang Wai Hong (RSF2G1)\Source.cpp(576,14): warning C4305: 'argument': truncation from 'double' to 'float'
C:\Users\ADMIN\source\repos\P5B - Phang Wai Hong (RSF2G1)\P5B - Phang Wai Hong (RSF2G1)\Source.cpp(581,30): warning C4305: 'argument': truncation from 'double' to 'GLfloat'
C:\Users\ADMIN\source\repos\P5B - Phang Wai Hong (RSF2G1)\P5B - Phang Wai Hong (RSF2G1)\Source.cpp(582,14): warning C4305: 'argument': truncation from 'double' to 'float'
C:\Users\ADMIN\source\repos\P5B - Phang Wai Hong (RSF2G1)\P5B - Phang Wai Hong (RSF2G1)\Source.cpp(586,30): warning C4305: 'argument': truncation from 'double' to 'GLfloat'
C:\Users\ADMIN\source\repos\P5B - Phang Wai Hong (RSF2G1)\P5B - Phang Wai Hong (RSF2G1)\Source.cpp(591,30): warning C4305: 'argument': truncation from 'double' to 'GLfloat'
C:\Users\ADMIN\source\repos\P5B - Phang Wai Hong (RSF2G1)\P5B - Phang Wai Hong (RSF2G1)\Source.cpp(592,14): warning C4305: 'argument': truncation from 'double' to 'float'
C:\Users\ADMIN\source\repos\P5B - Phang Wai Hong (RSF2G1)\P5B - Phang Wai Hong (RSF2G1)\Source.cpp(596,30): warning C4305: 'argument': truncation from 'double' to 'GLfloat'
C:\Users\ADMIN\source\repos\P5B - Phang Wai Hong (RSF2G1)\P5B - Phang Wai Hong (RSF2G1)\Source.cpp(597,13): warning C4305: 'argument': truncation from 'double' to 'float'
C:\Users\ADMIN\source\repos\P5B - Phang Wai Hong (RSF2G1)\P5B - Phang Wai Hong (RSF2G1)\Source.cpp(601,30): warning C4305: 'argument': truncation from 'double' to 'GLfloat'
C:\Users\ADMIN\source\repos\P5B - Phang Wai Hong (RSF2G1)\P5B - Phang Wai Hong (RSF2G1)\Source.cpp(602,14): warning C4305: 'argument': truncation from 'double' to 'float'
C:\Users\ADMIN\source\repos\P5B - Phang Wai Hong (RSF2G1)\P5B - Phang Wai Hong (RSF2G1)\Source.cpp(606,30): warning C4305: 'argument': truncation from 'double' to 'GLfloat'
C:\Users\ADMIN\source\repos\P5B - Phang Wai Hong (RSF2G1)\P5B - Phang Wai Hong (RSF2G1)\Source.cpp(607,14): warning C4305: 'argument': truncation from 'double' to 'float'
C:\Users\ADMIN\source\repos\P5B - Phang Wai Hong (RSF2G1)\P5B - Phang Wai Hong (RSF2G1)\Source.cpp(611,30): warning C4305: 'argument': truncation from 'double' to 'GLfloat'
C:\Users\ADMIN\source\repos\P5B - Phang Wai Hong (RSF2G1)\P5B - Phang Wai Hong (RSF2G1)\Source.cpp(612,14): warning C4305: 'argument': truncation from 'double' to 'float'
C:\Users\ADMIN\source\repos\P5B - Phang Wai Hong (RSF2G1)\P5B - Phang Wai Hong (RSF2G1)\Source.cpp(616,30): warning C4305: 'argument': truncation from 'double' to 'GLfloat'
C:\Users\ADMIN\source\repos\P5B - Phang Wai Hong (RSF2G1)\P5B - Phang Wai Hong (RSF2G1)\Source.cpp(617,14): warning C4305: 'argument': truncation from 'double' to 'float'
C:\Users\ADMIN\source\repos\P5B - Phang Wai Hong (RSF2G1)\P5B - Phang Wai Hong (RSF2G1)\Source.cpp(621,30): warning C4305: 'argument': truncation from 'double' to 'GLfloat'
C:\Users\ADMIN\source\repos\P5B - Phang Wai Hong (RSF2G1)\P5B - Phang Wai Hong (RSF2G1)\Source.cpp(622,14): warning C4305: 'argument': truncation from 'double' to 'float'
C:\Users\ADMIN\source\repos\P5B - Phang Wai Hong (RSF2G1)\P5B - Phang Wai Hong (RSF2G1)\Source.cpp(626,30): warning C4305: 'argument': truncation from 'double' to 'GLfloat'
C:\Users\ADMIN\source\repos\P5B - Phang Wai Hong (RSF2G1)\P5B - Phang Wai Hong (RSF2G1)\Source.cpp(627,14): warning C4305: 'argument': truncation from 'double' to 'float'
C:\Users\ADMIN\source\repos\P5B - Phang Wai Hong (RSF2G1)\P5B - Phang Wai Hong (RSF2G1)\Source.cpp(635,24): warning C4305: 'argument': truncation from 'double' to 'GLfloat'
C:\Users\ADMIN\source\repos\P5B - Phang Wai Hong (RSF2G1)\P5B - Phang Wai Hong (RSF2G1)\Source.cpp(642,25): warning C4305: 'argument': truncation from 'double' to 'GLfloat'
C:\Users\ADMIN\source\repos\P5B - Phang Wai Hong (RSF2G1)\P5B - Phang Wai Hong (RSF2G1)\Source.cpp(649,31): warning C4305: 'argument': truncation from 'double' to 'GLfloat'
C:\Users\ADMIN\source\repos\P5B - Phang Wai Hong (RSF2G1)\P5B - Phang Wai Hong (RSF2G1)\Source.cpp(650,14): warning C4305: 'argument': truncation from 'double' to 'float'
C:\Users\ADMIN\source\repos\P5B - Phang Wai Hong (RSF2G1)\P5B - Phang Wai Hong (RSF2G1)\Source.cpp(655,31): warning C4305: 'argument': truncation from 'double' to 'GLfloat'
C:\Users\ADMIN\source\repos\P5B - Phang Wai Hong (RSF2G1)\P5B - Phang Wai Hong (RSF2G1)\Source.cpp(661,31): warning C4305: 'argument': truncation from 'double' to 'GLfloat'
C:\Users\ADMIN\source\repos\P5B - Phang Wai Hong (RSF2G1)\P5B - Phang Wai Hong (RSF2G1)\Source.cpp(662,14): warning C4305: 'argument': truncation from 'double' to 'float'
C:\Users\ADMIN\source\repos\P5B - Phang Wai Hong (RSF2G1)\P5B - Phang Wai Hong (RSF2G1)\Source.cpp(667,31): warning C4305: 'argument': truncation from 'double' to 'GLfloat'
C:\Users\ADMIN\source\repos\P5B - Phang Wai Hong (RSF2G1)\P5B - Phang Wai Hong (RSF2G1)\Source.cpp(668,13): warning C4305: 'argument': truncation from 'double' to 'float'
C:\Users\ADMIN\source\repos\P5B - Phang Wai Hong (RSF2G1)\P5B - Phang Wai Hong (RSF2G1)\Source.cpp(673,31): warning C4305: 'argument': truncation from 'double' to 'GLfloat'
C:\Users\ADMIN\source\repos\P5B - Phang Wai Hong (RSF2G1)\P5B - Phang Wai Hong (RSF2G1)\Source.cpp(674,14): warning C4305: 'argument': truncation from 'double' to 'float'
C:\Users\ADMIN\source\repos\P5B - Phang Wai Hong (RSF2G1)\P5B - Phang Wai Hong (RSF2G1)\Source.cpp(679,31): warning C4305: 'argument': truncation from 'double' to 'GLfloat'
C:\Users\ADMIN\source\repos\P5B - Phang Wai Hong (RSF2G1)\P5B - Phang Wai Hong (RSF2G1)\Source.cpp(680,14): warning C4305: 'argument': truncation from 'double' to 'float'
C:\Users\ADMIN\source\repos\P5B - Phang Wai Hong (RSF2G1)\P5B - Phang Wai Hong (RSF2G1)\Source.cpp(685,31): warning C4305: 'argument': truncation from 'double' to 'GLfloat'
C:\Users\ADMIN\source\repos\P5B - Phang Wai Hong (RSF2G1)\P5B - Phang Wai Hong (RSF2G1)\Source.cpp(686,14): warning C4305: 'argument': truncation from 'double' to 'float'
C:\Users\ADMIN\source\repos\P5B - Phang Wai Hong (RSF2G1)\P5B - Phang Wai Hong (RSF2G1)\Source.cpp(691,31): warning C4305: 'argument': truncation from 'double' to 'GLfloat'
C:\Users\ADMIN\source\repos\P5B - Phang Wai Hong (RSF2G1)\P5B - Phang Wai Hong (RSF2G1)\Source.cpp(692,14): warning C4305: 'argument': truncation from 'double' to 'float'
C:\Users\ADMIN\source\repos\P5B - Phang Wai Hong (RSF2G1)\P5B - Phang Wai Hong (RSF2G1)\Source.cpp(697,31): warning C4305: 'argument': truncation from 'double' to 'GLfloat'
C:\Users\ADMIN\source\repos\P5B - Phang Wai Hong (RSF2G1)\P5B - Phang Wai Hong (RSF2G1)\Source.cpp(698,14): warning C4305: 'argument': truncation from 'double' to 'float'
C:\Users\ADMIN\source\repos\P5B - Phang Wai Hong (RSF2G1)\P5B - Phang Wai Hong (RSF2G1)\Source.cpp(703,31): warning C4305: 'argument': truncation from 'double' to 'GLfloat'
C:\Users\ADMIN\source\repos\P5B - Phang Wai Hong (RSF2G1)\P5B - Phang Wai Hong (RSF2G1)\Source.cpp(704,14): warning C4305: 'argument': truncation from 'double' to 'float'
C:\Users\ADMIN\source\repos\P5B - Phang Wai Hong (RSF2G1)\P5B - Phang Wai Hong (RSF2G1)\Source.cpp(710,30): warning C4305: 'argument': truncation from 'double' to 'GLfloat'
C:\Users\ADMIN\source\repos\P5B - Phang Wai Hong (RSF2G1)\P5B - Phang Wai Hong (RSF2G1)\Source.cpp(711,14): warning C4305: 'argument': truncation from 'double' to 'float'
C:\Users\ADMIN\source\repos\P5B - Phang Wai Hong (RSF2G1)\P5B - Phang Wai Hong (RSF2G1)\Source.cpp(716,30): warning C4305: 'argument': truncation from 'double' to 'GLfloat'
C:\Users\ADMIN\source\repos\P5B - Phang Wai Hong (RSF2G1)\P5B - Phang Wai Hong (RSF2G1)\Source.cpp(722,30): warning C4305: 'argument': truncation from 'double' to 'GLfloat'
C:\Users\ADMIN\source\repos\P5B - Phang Wai Hong (RSF2G1)\P5B - Phang Wai Hong (RSF2G1)\Source.cpp(723,14): warning C4305: 'argument': truncation from 'double' to 'float'
C:\Users\ADMIN\source\repos\P5B - Phang Wai Hong (RSF2G1)\P5B - Phang Wai Hong (RSF2G1)\Source.cpp(728,30): warning C4305: 'argument': truncation from 'double' to 'GLfloat'
C:\Users\ADMIN\source\repos\P5B - Phang Wai Hong (RSF2G1)\P5B - Phang Wai Hong (RSF2G1)\Source.cpp(729,13): warning C4305: 'argument': truncation from 'double' to 'float'
C:\Users\ADMIN\source\repos\P5B - Phang Wai Hong (RSF2G1)\P5B - Phang Wai Hong (RSF2G1)\Source.cpp(734,30): warning C4305: 'argument': truncation from 'double' to 'GLfloat'
C:\Users\ADMIN\source\repos\P5B - Phang Wai Hong (RSF2G1)\P5B - Phang Wai Hong (RSF2G1)\Source.cpp(735,14): warning C4305: 'argument': truncation from 'double' to 'float'
C:\Users\ADMIN\source\repos\P5B - Phang Wai Hong (RSF2G1)\P5B - Phang Wai Hong (RSF2G1)\Source.cpp(740,30): warning C4305: 'argument': truncation from 'double' to 'GLfloat'
C:\Users\ADMIN\source\repos\P5B - Phang Wai Hong (RSF2G1)\P5B - Phang Wai Hong (RSF2G1)\Source.cpp(741,14): warning C4305: 'argument': truncation from 'double' to 'float'
C:\Users\ADMIN\source\repos\P5B - Phang Wai Hong (RSF2G1)\P5B - Phang Wai Hong (RSF2G1)\Source.cpp(746,30): warning C4305: 'argument': truncation from 'double' to 'GLfloat'
C:\Users\ADMIN\source\repos\P5B - Phang Wai Hong (RSF2G1)\P5B - Phang Wai Hong (RSF2G1)\Source.cpp(747,14): warning C4305: 'argument': truncation from 'double' to 'float'
C:\Users\ADMIN\source\repos\P5B - Phang Wai Hong (RSF2G1)\P5B - Phang Wai Hong (RSF2G1)\Source.cpp(752,30): warning C4305: 'argument': truncation from 'double' to 'GLfloat'
C:\Users\ADMIN\source\repos\P5B - Phang Wai Hong (RSF2G1)\P5B - Phang Wai Hong (RSF2G1)\Source.cpp(753,14): warning C4305: 'argument': truncation from 'double' to 'float'
C:\Users\ADMIN\source\repos\P5B - Phang Wai Hong (RSF2G1)\P5B - Phang Wai Hong (RSF2G1)\Source.cpp(758,30): warning C4305: 'argument': truncation from 'double' to 'GLfloat'
C:\Users\ADMIN\source\repos\P5B - Phang Wai Hong (RSF2G1)\P5B - Phang Wai Hong (RSF2G1)\Source.cpp(759,14): warning C4305: 'argument': truncation from 'double' to 'float'
C:\Users\ADMIN\source\repos\P5B - Phang Wai Hong (RSF2G1)\P5B - Phang Wai Hong (RSF2G1)\Source.cpp(764,30): warning C4305: 'argument': truncation from 'double' to 'GLfloat'
C:\Users\ADMIN\source\repos\P5B - Phang Wai Hong (RSF2G1)\P5B - Phang Wai Hong (RSF2G1)\Source.cpp(765,14): warning C4305: 'argument': truncation from 'double' to 'float'
C:\Users\ADMIN\source\repos\P5B - Phang Wai Hong (RSF2G1)\P5B - Phang Wai Hong (RSF2G1)\Source.cpp(771,28): warning C4305: 'argument': truncation from 'double' to 'GLfloat'
C:\Users\ADMIN\source\repos\P5B - Phang Wai Hong (RSF2G1)\P5B - Phang Wai Hong (RSF2G1)\Source.cpp(773,28): warning C4305: 'argument': truncation from 'double' to 'GLfloat'
C:\Users\ADMIN\source\repos\P5B - Phang Wai Hong (RSF2G1)\P5B - Phang Wai Hong (RSF2G1)\Source.cpp(774,45): warning C4305: 'argument': truncation from 'double' to 'float'
C:\Users\ADMIN\source\repos\P5B - Phang Wai Hong (RSF2G1)\P5B - Phang Wai Hong (RSF2G1)\Source.cpp(779,28): warning C4305: 'argument': truncation from 'double' to 'GLfloat'
C:\Users\ADMIN\source\repos\P5B - Phang Wai Hong (RSF2G1)\P5B - Phang Wai Hong (RSF2G1)\Source.cpp(782,45): warning C4305: 'argument': truncation from 'double' to 'float'
C:\Users\ADMIN\source\repos\P5B - Phang Wai Hong (RSF2G1)\P5B - Phang Wai Hong (RSF2G1)\Source.cpp(791,25): warning C4305: 'argument': truncation from 'double' to 'GLfloat'
C:\Users\ADMIN\source\repos\P5B - Phang Wai Hong (RSF2G1)\P5B - Phang Wai Hong (RSF2G1)\Source.cpp(799,25): warning C4305: 'argument': truncation from 'double' to 'GLfloat'
C:\Users\ADMIN\source\repos\P5B - Phang Wai Hong (RSF2G1)\P5B - Phang Wai Hong (RSF2G1)\Source.cpp(807,25): warning C4305: 'argument': truncation from 'double' to 'GLfloat'
C:\Users\ADMIN\source\repos\P5B - Phang Wai Hong (RSF2G1)\P5B - Phang Wai Hong (RSF2G1)\Source.cpp(814,25): warning C4305: 'argument': truncation from 'double' to 'GLfloat'
C:\Users\ADMIN\source\repos\P5B - Phang Wai Hong (RSF2G1)\P5B - Phang Wai Hong (RSF2G1)\Source.cpp(821,25): warning C4305: 'argument': truncation from 'double' to 'GLfloat'
C:\Users\ADMIN\source\repos\P5B - Phang Wai Hong (RSF2G1)\P5B - Phang Wai Hong (RSF2G1)\Source.cpp(828,25): warning C4305: 'argument': truncation from 'double' to 'GLfloat'
C:\Users\ADMIN\source\repos\P5B - Phang Wai Hong (RSF2G1)\P5B - Phang Wai Hong (RSF2G1)\Source.cpp(837,18): warning C4244: 'argument': conversion from 'double' to 'float', possible loss of data
C:\Users\ADMIN\source\repos\P5B - Phang Wai Hong (RSF2G1)\P5B - Phang Wai Hong (RSF2G1)\Source.cpp(838,19): warning C4244: 'argument': conversion from 'double' to 'float', possible loss of data
C:\Users\ADMIN\source\repos\P5B - Phang Wai Hong (RSF2G1)\P5B - Phang Wai Hong (RSF2G1)\Source.cpp(839,17): warning C4305: '+=': truncation from 'double' to 'float'
C:\Users\ADMIN\source\repos\P5B - Phang Wai Hong (RSF2G1)\P5B - Phang Wai Hong (RSF2G1)\Source.cpp(845,24): warning C4305: 'argument': truncation from 'double' to 'GLfloat'
C:\Users\ADMIN\source\repos\P5B - Phang Wai Hong (RSF2G1)\P5B - Phang Wai Hong (RSF2G1)\Source.cpp(846,53): warning C4244: 'argument': conversion from 'double' to 'GLfloat', possible loss of data
C:\Users\ADMIN\source\repos\P5B - Phang Wai Hong (RSF2G1)\P5B - Phang Wai Hong (RSF2G1)\Source.cpp(846,58): warning C4305: 'argument': truncation from 'double' to 'GLfloat'
C:\Users\ADMIN\source\repos\P5B - Phang Wai Hong (RSF2G1)\P5B - Phang Wai Hong (RSF2G1)\Source.cpp(859,25): warning C4305: 'argument': truncation from 'double' to 'GLfloat'
C:\Users\ADMIN\source\repos\P5B - Phang Wai Hong (RSF2G1)\P5B - Phang Wai Hong (RSF2G1)\Source.cpp(860,32): warning C4305: 'argument': truncation from 'double' to 'GLfloat'
C:\Users\ADMIN\source\repos\P5B - Phang Wai Hong (RSF2G1)\P5B - Phang Wai Hong (RSF2G1)\Source.cpp(867,26): warning C4305: 'argument': truncation from 'double' to 'GLfloat'
C:\Users\ADMIN\source\repos\P5B - Phang Wai Hong (RSF2G1)\P5B - Phang Wai Hong (RSF2G1)\Source.cpp(868,32): warning C4305: 'argument': truncation from 'double' to 'GLfloat'
C:\Users\ADMIN\source\repos\P5B - Phang Wai Hong (RSF2G1)\P5B - Phang Wai Hong (RSF2G1)\Source.cpp(875,25): warning C4305: 'argument': truncation from 'double' to 'GLfloat'
C:\Users\ADMIN\source\repos\P5B - Phang Wai Hong (RSF2G1)\P5B - Phang Wai Hong (RSF2G1)\Source.cpp(876,32): warning C4305: 'argument': truncation from 'double' to 'GLfloat'
C:\Users\ADMIN\source\repos\P5B - Phang Wai Hong (RSF2G1)\P5B - Phang Wai Hong (RSF2G1)\Source.cpp(883,31): warning C4305: 'argument': truncation from 'double' to 'GLfloat'
C:\Users\ADMIN\source\repos\P5B - Phang Wai Hong (RSF2G1)\P5B - Phang Wai Hong (RSF2G1)\Source.cpp(884,34): warning C4305: 'argument': truncation from 'double' to 'float'
C:\Users\ADMIN\source\repos\P5B - Phang Wai Hong (RSF2G1)\P5B - Phang Wai Hong (RSF2G1)\Source.cpp(890,30): warning C4305: 'argument': truncation from 'double' to 'GLfloat'
C:\Users\ADMIN\source\repos\P5B - Phang Wai Hong (RSF2G1)\P5B - Phang Wai Hong (RSF2G1)\Source.cpp(891,34): warning C4305: 'argument': truncation from 'double' to 'float'
C:\Users\ADMIN\source\repos\P5B - Phang Wai Hong (RSF2G1)\P5B - Phang Wai Hong (RSF2G1)\Source.cpp(897,29): warning C4305: 'argument': truncation from 'double' to 'GLfloat'
C:\Users\ADMIN\source\repos\P5B - Phang Wai Hong (RSF2G1)\P5B - Phang Wai Hong (RSF2G1)\Source.cpp(898,34): warning C4305: 'argument': truncation from 'double' to 'float'
C:\Users\ADMIN\source\repos\P5B - Phang Wai Hong (RSF2G1)\P5B - Phang Wai Hong (RSF2G1)\Source.cpp(904,30): warning C4305: 'argument': truncation from 'double' to 'GLfloat'
C:\Users\ADMIN\source\repos\P5B - Phang Wai Hong (RSF2G1)\P5B - Phang Wai Hong (RSF2G1)\Source.cpp(905,34): warning C4305: 'argument': truncation from 'double' to 'float'
C:\Users\ADMIN\source\repos\P5B - Phang Wai Hong (RSF2G1)\P5B - Phang Wai Hong (RSF2G1)\Source.cpp(925,28): warning C4305: 'argument': truncation from 'double' to 'GLfloat'
C:\Users\ADMIN\source\repos\P5B - Phang Wai Hong (RSF2G1)\P5B - Phang Wai Hong (RSF2G1)\Source.cpp(939,43): warning C4305: 'argument': truncation from 'double' to 'float'
C:\Users\ADMIN\source\repos\P5B - Phang Wai Hong (RSF2G1)\P5B - Phang Wai Hong (RSF2G1)\Source.cpp(946,33): warning C4305: 'argument': truncation from 'double' to 'float'
C:\Users\ADMIN\source\repos\P5B - Phang Wai Hong (RSF2G1)\P5B - Phang Wai Hong (RSF2G1)\Source.cpp(951,31): warning C4305: 'argument': truncation from 'double' to 'GLfloat'
C:\Users\ADMIN\source\repos\P5B - Phang Wai Hong (RSF2G1)\P5B - Phang Wai Hong (RSF2G1)\Source.cpp(954,35): warning C4305: 'argument': truncation from 'double' to 'float'
C:\Users\ADMIN\source\repos\P5B - Phang Wai Hong (RSF2G1)\P5B - Phang Wai Hong (RSF2G1)\Source.cpp(958,31): warning C4305: 'argument': truncation from 'double' to 'GLfloat'
C:\Users\ADMIN\source\repos\P5B - Phang Wai Hong (RSF2G1)\P5B - Phang Wai Hong (RSF2G1)\Source.cpp(969,43): warning C4305: 'argument': truncation from 'double' to 'float'
C:\Users\ADMIN\source\repos\P5B - Phang Wai Hong (RSF2G1)\P5B - Phang Wai Hong (RSF2G1)\Source.cpp(974,30): warning C4305: 'argument': truncation from 'double' to 'GLfloat'
C:\Users\ADMIN\source\repos\P5B - Phang Wai Hong (RSF2G1)\P5B - Phang Wai Hong (RSF2G1)\Source.cpp(977,35): warning C4305: 'argument': truncation from 'double' to 'float'
C:\Users\ADMIN\source\repos\P5B - Phang Wai Hong (RSF2G1)\P5B - Phang Wai Hong (RSF2G1)\Source.cpp(983,28): warning C4305: 'argument': truncation from 'double' to 'GLfloat'
C:\Users\ADMIN\source\repos\P5B - Phang Wai Hong (RSF2G1)\P5B - Phang Wai Hong (RSF2G1)\Source.cpp(984,33): warning C4305: 'argument': truncation from 'double' to 'float'
C:\Users\ADMIN\source\repos\P5B - Phang Wai Hong (RSF2G1)\P5B - Phang Wai Hong (RSF2G1)\Source.cpp(1046,34): warning C4305: 'argument': truncation from 'double' to 'GLclampf'
C:\Users\ADMIN\source\repos\P5B - Phang Wai Hong (RSF2G1)\P5B - Phang Wai Hong (RSF2G1)\Source.cpp(1097,1): warning C4244: 'argument': conversion from 'double' to 'int', possible loss of data
  P5B - Phang Wai Hong (RSF2G1).vcxproj -> C:\Users\ADMIN\source\repos\P5B - Phang Wai Hong (RSF2G1)\Debug\P5B - Phang Wai Hong (RSF2G1).exe
