  Source.cpp
C:\Users\ADMIN\source\repos\Practical 1\Practical 1\Source.cpp(9,1): warning C4005: 'CW_USEDEFAULT': macro redefinition
C:\Program Files (x86)\Windows Kits\10\Include\10.0.18362.0\um\winuser.h(4403): message : see previous definition of 'CW_USEDEFAULT'
C:\Users\ADMIN\source\repos\Practical 1\Practical 1\Source.cpp(106,12): warning C4244: 'initializing': conversion from 'double' to 'float', possible loss of data
C:\Users\ADMIN\source\repos\Practical 1\Practical 1\Source.cpp(107,12): warning C4244: 'initializing': conversion from 'double' to 'float', possible loss of data
C:\Users\ADMIN\source\repos\Practical 1\Practical 1\Source.cpp(122,22): warning C4305: 'argument': truncation from 'double' to 'GLfloat'
C:\Users\ADMIN\source\repos\Practical 1\Practical 1\Source.cpp(123,21): warning C4305: 'argument': truncation from 'double' to 'GLfloat'
C:\Users\ADMIN\source\repos\Practical 1\Practical 1\Source.cpp(124,22): warning C4305: 'argument': truncation from 'double' to 'GLfloat'
C:\Users\ADMIN\source\repos\Practical 1\Practical 1\Source.cpp(125,23): warning C4305: 'argument': truncation from 'double' to 'GLfloat'
C:\Users\ADMIN\source\repos\Practical 1\Practical 1\Source.cpp(130,20): warning C4305: 'argument': truncation from 'double' to 'GLfloat'
C:\Users\ADMIN\source\repos\Practical 1\Practical 1\Source.cpp(131,19): warning C4305: 'argument': truncation from 'double' to 'GLfloat'
C:\Users\ADMIN\source\repos\Practical 1\Practical 1\Source.cpp(132,22): warning C4305: 'argument': truncation from 'double' to 'GLfloat'
C:\Users\ADMIN\source\repos\Practical 1\Practical 1\Source.cpp(133,23): warning C4305: 'argument': truncation from 'double' to 'GLfloat'
C:\Users\ADMIN\source\repos\Practical 1\Practical 1\Source.cpp(145,22): warning C4305: 'argument': truncation from 'double' to 'GLfloat'
C:\Users\ADMIN\source\repos\Practical 1\Practical 1\Source.cpp(146,21): warning C4305: 'argument': truncation from 'double' to 'GLfloat'
C:\Users\ADMIN\source\repos\Practical 1\Practical 1\Source.cpp(147,22): warning C4305: 'argument': truncation from 'double' to 'GLfloat'
C:\Users\ADMIN\source\repos\Practical 1\Practical 1\Source.cpp(148,23): warning C4305: 'argument': truncation from 'double' to 'GLfloat'
C:\Users\ADMIN\source\repos\Practical 1\Practical 1\Source.cpp(155,22): warning C4305: 'argument': truncation from 'double' to 'GLfloat'
C:\Users\ADMIN\source\repos\Practical 1\Practical 1\Source.cpp(158,20): warning C4305: 'argument': truncation from 'double' to 'GLfloat'
C:\Users\ADMIN\source\repos\Practical 1\Practical 1\Source.cpp(163,24): warning C4305: 'argument': truncation from 'double' to 'GLfloat'
C:\Users\ADMIN\source\repos\Practical 1\Practical 1\Source.cpp(165,22): warning C4305: 'argument': truncation from 'double' to 'GLfloat'
C:\Users\ADMIN\source\repos\Practical 1\Practical 1\Source.cpp(167,20): warning C4305: 'argument': truncation from 'double' to 'GLfloat'
C:\Users\ADMIN\source\repos\Practical 1\Practical 1\Source.cpp(178,32): warning C4305: 'argument': truncation from 'double' to 'GLfloat'
C:\Users\ADMIN\source\repos\Practical 1\Practical 1\Source.cpp(180,22): warning C4305: 'argument': truncation from 'double' to 'GLfloat'
C:\Users\ADMIN\source\repos\Practical 1\Practical 1\Source.cpp(181,21): warning C4305: 'argument': truncation from 'double' to 'GLfloat'
C:\Users\ADMIN\source\repos\Practical 1\Practical 1\Source.cpp(182,22): warning C4305: 'argument': truncation from 'double' to 'GLfloat'
C:\Users\ADMIN\source\repos\Practical 1\Practical 1\Source.cpp(183,23): warning C4305: 'argument': truncation from 'double' to 'GLfloat'
C:\Users\ADMIN\source\repos\Practical 1\Practical 1\Source.cpp(189,28): warning C4305: 'argument': truncation from 'double' to 'GLfloat'
C:\Users\ADMIN\source\repos\Practical 1\Practical 1\Source.cpp(191,22): warning C4305: 'argument': truncation from 'double' to 'GLfloat'
C:\Users\ADMIN\source\repos\Practical 1\Practical 1\Source.cpp(192,24): warning C4305: 'argument': truncation from 'double' to 'GLfloat'
C:\Users\ADMIN\source\repos\Practical 1\Practical 1\Source.cpp(194,26): warning C4305: 'argument': truncation from 'double' to 'GLfloat'
C:\Users\ADMIN\source\repos\Practical 1\Practical 1\Source.cpp(195,24): warning C4305: 'argument': truncation from 'double' to 'GLfloat'
C:\Users\ADMIN\source\repos\Practical 1\Practical 1\Source.cpp(201,28): warning C4305: 'argument': truncation from 'double' to 'GLfloat'
C:\Users\ADMIN\source\repos\Practical 1\Practical 1\Source.cpp(203,23): warning C4305: 'argument': truncation from 'double' to 'GLfloat'
C:\Users\ADMIN\source\repos\Practical 1\Practical 1\Source.cpp(204,21): warning C4305: 'argument': truncation from 'double' to 'GLfloat'
C:\Users\ADMIN\source\repos\Practical 1\Practical 1\Source.cpp(205,23): warning C4305: 'argument': truncation from 'double' to 'GLfloat'
C:\Users\ADMIN\source\repos\Practical 1\Practical 1\Source.cpp(207,25): warning C4305: 'argument': truncation from 'double' to 'GLfloat'
C:\Users\ADMIN\source\repos\Practical 1\Practical 1\Source.cpp(214,28): warning C4305: 'argument': truncation from 'double' to 'GLfloat'
C:\Users\ADMIN\source\repos\Practical 1\Practical 1\Source.cpp(215,24): warning C4305: 'argument': truncation from 'double' to 'GLfloat'
C:\Users\ADMIN\source\repos\Practical 1\Practical 1\Source.cpp(216,22): warning C4305: 'argument': truncation from 'double' to 'GLfloat'
C:\Users\ADMIN\source\repos\Practical 1\Practical 1\Source.cpp(217,24): warning C4305: 'argument': truncation from 'double' to 'GLfloat'
C:\Users\ADMIN\source\repos\Practical 1\Practical 1\Source.cpp(219,26): warning C4305: 'argument': truncation from 'double' to 'GLfloat'
C:\Users\ADMIN\source\repos\Practical 1\Practical 1\Source.cpp(225,28): warning C4305: 'argument': truncation from 'double' to 'GLfloat'
C:\Users\ADMIN\source\repos\Practical 1\Practical 1\Source.cpp(227,25): warning C4305: 'argument': truncation from 'double' to 'GLfloat'
C:\Users\ADMIN\source\repos\Practical 1\Practical 1\Source.cpp(228,23): warning C4305: 'argument': truncation from 'double' to 'GLfloat'
C:\Users\ADMIN\source\repos\Practical 1\Practical 1\Source.cpp(229,25): warning C4305: 'argument': truncation from 'double' to 'GLfloat'
C:\Users\ADMIN\source\repos\Practical 1\Practical 1\Source.cpp(231,27): warning C4305: 'argument': truncation from 'double' to 'GLfloat'
C:\Users\ADMIN\source\repos\Practical 1\Practical 1\Source.cpp(244,34): warning C4305: 'argument': truncation from 'double' to 'GLfloat'
C:\Users\ADMIN\source\repos\Practical 1\Practical 1\Source.cpp(246,22): warning C4305: 'argument': truncation from 'double' to 'GLfloat'
C:\Users\ADMIN\source\repos\Practical 1\Practical 1\Source.cpp(247,21): warning C4305: 'argument': truncation from 'double' to 'GLfloat'
C:\Users\ADMIN\source\repos\Practical 1\Practical 1\Source.cpp(248,22): warning C4305: 'argument': truncation from 'double' to 'GLfloat'
C:\Users\ADMIN\source\repos\Practical 1\Practical 1\Source.cpp(249,23): warning C4305: 'argument': truncation from 'double' to 'GLfloat'
C:\Users\ADMIN\source\repos\Practical 1\Practical 1\Source.cpp(255,29): warning C4305: 'argument': truncation from 'double' to 'GLfloat'
C:\Users\ADMIN\source\repos\Practical 1\Practical 1\Source.cpp(257,22): warning C4305: 'argument': truncation from 'double' to 'GLfloat'
C:\Users\ADMIN\source\repos\Practical 1\Practical 1\Source.cpp(258,21): warning C4305: 'argument': truncation from 'double' to 'GLfloat'
C:\Users\ADMIN\source\repos\Practical 1\Practical 1\Source.cpp(259,21): warning C4305: 'argument': truncation from 'double' to 'GLfloat'
C:\Users\ADMIN\source\repos\Practical 1\Practical 1\Source.cpp(265,29): warning C4305: 'argument': truncation from 'double' to 'GLfloat'
C:\Users\ADMIN\source\repos\Practical 1\Practical 1\Source.cpp(267,23): warning C4305: 'argument': truncation from 'double' to 'GLfloat'
C:\Users\ADMIN\source\repos\Practical 1\Practical 1\Source.cpp(268,22): warning C4305: 'argument': truncation from 'double' to 'GLfloat'
C:\Users\ADMIN\source\repos\Practical 1\Practical 1\Source.cpp(269,22): warning C4305: 'argument': truncation from 'double' to 'GLfloat'
C:\Users\ADMIN\source\repos\Practical 1\Practical 1\Source.cpp(275,29): warning C4305: 'argument': truncation from 'double' to 'GLfloat'
C:\Users\ADMIN\source\repos\Practical 1\Practical 1\Source.cpp(277,22): warning C4305: 'argument': truncation from 'double' to 'GLfloat'
C:\Users\ADMIN\source\repos\Practical 1\Practical 1\Source.cpp(278,22): warning C4305: 'argument': truncation from 'double' to 'GLfloat'
C:\Users\ADMIN\source\repos\Practical 1\Practical 1\Source.cpp(279,23): warning C4305: 'argument': truncation from 'double' to 'GLfloat'
C:\Users\ADMIN\source\repos\Practical 1\Practical 1\Source.cpp(285,29): warning C4305: 'argument': truncation from 'double' to 'GLfloat'
C:\Users\ADMIN\source\repos\Practical 1\Practical 1\Source.cpp(287,21): warning C4305: 'argument': truncation from 'double' to 'GLfloat'
C:\Users\ADMIN\source\repos\Practical 1\Practical 1\Source.cpp(288,21): warning C4305: 'argument': truncation from 'double' to 'GLfloat'
C:\Users\ADMIN\source\repos\Practical 1\Practical 1\Source.cpp(289,22): warning C4305: 'argument': truncation from 'double' to 'GLfloat'
C:\Users\ADMIN\source\repos\Practical 1\Practical 1\Source.cpp(304,22): warning C4305: 'argument': truncation from 'double' to 'GLfloat'
C:\Users\ADMIN\source\repos\Practical 1\Practical 1\Source.cpp(305,21): warning C4305: 'argument': truncation from 'double' to 'GLfloat'
C:\Users\ADMIN\source\repos\Practical 1\Practical 1\Source.cpp(306,22): warning C4305: 'argument': truncation from 'double' to 'GLfloat'
C:\Users\ADMIN\source\repos\Practical 1\Practical 1\Source.cpp(307,23): warning C4305: 'argument': truncation from 'double' to 'GLfloat'
C:\Users\ADMIN\source\repos\Practical 1\Practical 1\Source.cpp(320,37): warning C4305: 'argument': truncation from 'double' to 'float'
C:\Users\ADMIN\source\repos\Practical 1\Practical 1\Source.cpp(312,20): warning C4101: 'y2': unreferenced local variable
C:\Users\ADMIN\source\repos\Practical 1\Practical 1\Source.cpp(313,8): warning C4101: 'angle': unreferenced local variable
C:\Users\ADMIN\source\repos\Practical 1\Practical 1\Source.cpp(312,16): warning C4101: 'x2': unreferenced local variable
C:\Users\ADMIN\source\repos\Practical 1\Practical 1\Source.cpp(344,21): warning C4305: 'initializing': truncation from 'double' to 'float'
C:\Users\ADMIN\source\repos\Practical 1\Practical 1\Source.cpp(345,21): warning C4305: '=': truncation from 'double' to 'float'
C:\Users\ADMIN\source\repos\Practical 1\Practical 1\Source.cpp(348,31): warning C4305: 'argument': truncation from 'double' to 'GLfloat'
C:\Users\ADMIN\source\repos\Practical 1\Practical 1\Source.cpp(349,42): warning C4305: 'argument': truncation from 'double' to 'float'
C:\Users\ADMIN\source\repos\Practical 1\Practical 1\Source.cpp(353,21): warning C4305: '=': truncation from 'double' to 'float'
C:\Users\ADMIN\source\repos\Practical 1\Practical 1\Source.cpp(356,42): warning C4305: 'argument': truncation from 'double' to 'float'
C:\Users\ADMIN\source\repos\Practical 1\Practical 1\Source.cpp(360,22): warning C4305: '=': truncation from 'double' to 'float'
C:\Users\ADMIN\source\repos\Practical 1\Practical 1\Source.cpp(363,42): warning C4305: 'argument': truncation from 'double' to 'float'
C:\Users\ADMIN\source\repos\Practical 1\Practical 1\Source.cpp(367,22): warning C4305: '=': truncation from 'double' to 'float'
C:\Users\ADMIN\source\repos\Practical 1\Practical 1\Source.cpp(369,40): warning C4305: 'argument': truncation from 'double' to 'GLfloat'
C:\Users\ADMIN\source\repos\Practical 1\Practical 1\Source.cpp(370,41): warning C4305: 'argument': truncation from 'double' to 'float'
C:\Users\ADMIN\source\repos\Practical 1\Practical 1\Source.cpp(374,21): warning C4305: '=': truncation from 'double' to 'float'
C:\Users\ADMIN\source\repos\Practical 1\Practical 1\Source.cpp(376,39): warning C4305: 'argument': truncation from 'double' to 'GLfloat'
C:\Users\ADMIN\source\repos\Practical 1\Practical 1\Source.cpp(377,40): warning C4305: 'argument': truncation from 'double' to 'float'
C:\Users\ADMIN\source\repos\Practical 1\Practical 1\Source.cpp(380,22): warning C4305: '=': truncation from 'double' to 'float'
C:\Users\ADMIN\source\repos\Practical 1\Practical 1\Source.cpp(382,39): warning C4305: 'argument': truncation from 'double' to 'GLfloat'
C:\Users\ADMIN\source\repos\Practical 1\Practical 1\Source.cpp(383,42): warning C4305: 'argument': truncation from 'double' to 'float'
C:\Users\ADMIN\source\repos\Practical 1\Practical 1\Source.cpp(387,21): warning C4305: '=': truncation from 'double' to 'float'
C:\Users\ADMIN\source\repos\Practical 1\Practical 1\Source.cpp(390,40): warning C4305: 'argument': truncation from 'double' to 'float'
C:\Users\ADMIN\source\repos\Practical 1\Practical 1\Source.cpp(394,22): warning C4305: '=': truncation from 'double' to 'float'
C:\Users\ADMIN\source\repos\Practical 1\Practical 1\Source.cpp(397,41): warning C4305: 'argument': truncation from 'double' to 'float'
C:\Users\ADMIN\source\repos\Practical 1\Practical 1\Source.cpp(401,12): warning C4305: '=': truncation from 'double' to 'float'
C:\Users\ADMIN\source\repos\Practical 1\Practical 1\Source.cpp(401,23): warning C4305: '=': truncation from 'double' to 'float'
C:\Users\ADMIN\source\repos\Practical 1\Practical 1\Source.cpp(404,39): warning C4305: 'argument': truncation from 'double' to 'float'
C:\Users\ADMIN\source\repos\Practical 1\Practical 1\Source.cpp(408,11): warning C4305: '=': truncation from 'double' to 'float'
C:\Users\ADMIN\source\repos\Practical 1\Practical 1\Source.cpp(408,22): warning C4305: '=': truncation from 'double' to 'float'
C:\Users\ADMIN\source\repos\Practical 1\Practical 1\Source.cpp(411,39): warning C4305: 'argument': truncation from 'double' to 'float'
C:\Users\ADMIN\source\repos\Practical 1\Practical 1\Source.cpp(415,12): warning C4305: '=': truncation from 'double' to 'float'
C:\Users\ADMIN\source\repos\Practical 1\Practical 1\Source.cpp(415,23): warning C4305: '=': truncation from 'double' to 'float'
C:\Users\ADMIN\source\repos\Practical 1\Practical 1\Source.cpp(418,39): warning C4305: 'argument': truncation from 'double' to 'float'
C:\Users\ADMIN\source\repos\Practical 1\Practical 1\Source.cpp(422,11): warning C4305: '=': truncation from 'double' to 'float'
C:\Users\ADMIN\source\repos\Practical 1\Practical 1\Source.cpp(422,22): warning C4305: '=': truncation from 'double' to 'float'
C:\Users\ADMIN\source\repos\Practical 1\Practical 1\Source.cpp(425,39): warning C4305: 'argument': truncation from 'double' to 'float'
C:\Users\ADMIN\source\repos\Practical 1\Practical 1\Source.cpp(429,12): warning C4305: '=': truncation from 'double' to 'float'
C:\Users\ADMIN\source\repos\Practical 1\Practical 1\Source.cpp(429,23): warning C4305: '=': truncation from 'double' to 'float'
C:\Users\ADMIN\source\repos\Practical 1\Practical 1\Source.cpp(432,40): warning C4305: 'argument': truncation from 'double' to 'float'
C:\Users\ADMIN\source\repos\Practical 1\Practical 1\Source.cpp(436,13): warning C4305: '=': truncation from 'double' to 'float'
C:\Users\ADMIN\source\repos\Practical 1\Practical 1\Source.cpp(436,24): warning C4305: '=': truncation from 'double' to 'float'
C:\Users\ADMIN\source\repos\Practical 1\Practical 1\Source.cpp(439,40): warning C4305: 'argument': truncation from 'double' to 'float'
C:\Users\ADMIN\source\repos\Practical 1\Practical 1\Source.cpp(443,11): warning C4305: '=': truncation from 'double' to 'float'
C:\Users\ADMIN\source\repos\Practical 1\Practical 1\Source.cpp(443,22): warning C4305: '=': truncation from 'double' to 'float'
C:\Users\ADMIN\source\repos\Practical 1\Practical 1\Source.cpp(446,40): warning C4305: 'argument': truncation from 'double' to 'float'
C:\Users\ADMIN\source\repos\Practical 1\Practical 1\Source.cpp(450,12): warning C4305: '=': truncation from 'double' to 'float'
C:\Users\ADMIN\source\repos\Practical 1\Practical 1\Source.cpp(450,23): warning C4305: '=': truncation from 'double' to 'float'
C:\Users\ADMIN\source\repos\Practical 1\Practical 1\Source.cpp(453,40): warning C4305: 'argument': truncation from 'double' to 'float'
C:\Users\ADMIN\source\repos\Practical 1\Practical 1\Source.cpp(457,21): warning C4305: '=': truncation from 'double' to 'float'
C:\Users\ADMIN\source\repos\Practical 1\Practical 1\Source.cpp(461,39): warning C4305: 'argument': truncation from 'double' to 'float'
C:\Users\ADMIN\source\repos\Practical 1\Practical 1\Source.cpp(465,19): warning C4305: '=': truncation from 'double' to 'float'
C:\Users\ADMIN\source\repos\Practical 1\Practical 1\Source.cpp(468,39): warning C4305: 'argument': truncation from 'double' to 'float'
C:\Users\ADMIN\source\repos\Practical 1\Practical 1\Source.cpp(472,15): warning C4305: '=': truncation from 'double' to 'float'
C:\Users\ADMIN\source\repos\Practical 1\Practical 1\Source.cpp(473,12): warning C4305: '=': truncation from 'double' to 'float'
C:\Users\ADMIN\source\repos\Practical 1\Practical 1\Source.cpp(473,23): warning C4305: '=': truncation from 'double' to 'float'
C:\Users\ADMIN\source\repos\Practical 1\Practical 1\Source.cpp(483,19): warning C4305: 'argument': truncation from 'double' to 'GLfloat'
C:\Users\ADMIN\source\repos\Practical 1\Practical 1\Source.cpp(484,21): warning C4305: 'argument': truncation from 'double' to 'GLfloat'
C:\Users\ADMIN\source\repos\Practical 1\Practical 1\Source.cpp(489,39): warning C4305: 'argument': truncation from 'double' to 'GLfloat'
C:\Users\ADMIN\source\repos\Practical 1\Practical 1\Source.cpp(491,24): warning C4305: 'argument': truncation from 'double' to 'GLfloat'
C:\Users\ADMIN\source\repos\Practical 1\Practical 1\Source.cpp(492,23): warning C4305: 'argument': truncation from 'double' to 'GLfloat'
C:\Users\ADMIN\source\repos\Practical 1\Practical 1\Source.cpp(493,24): warning C4305: 'argument': truncation from 'double' to 'GLfloat'
C:\Users\ADMIN\source\repos\Practical 1\Practical 1\Source.cpp(494,25): warning C4305: 'argument': truncation from 'double' to 'GLfloat'
C:\Users\ADMIN\source\repos\Practical 1\Practical 1\Source.cpp(502,24): warning C4305: 'argument': truncation from 'double' to 'GLfloat'
C:\Users\ADMIN\source\repos\Practical 1\Practical 1\Source.cpp(503,23): warning C4305: 'argument': truncation from 'double' to 'GLfloat'
C:\Users\ADMIN\source\repos\Practical 1\Practical 1\Source.cpp(504,24): warning C4305: 'argument': truncation from 'double' to 'GLfloat'
C:\Users\ADMIN\source\repos\Practical 1\Practical 1\Source.cpp(505,25): warning C4305: 'argument': truncation from 'double' to 'GLfloat'
C:\Users\ADMIN\source\repos\Practical 1\Practical 1\Source.cpp(510,12): warning C4305: '=': truncation from 'double' to 'float'
C:\Users\ADMIN\source\repos\Practical 1\Practical 1\Source.cpp(510,24): warning C4305: '=': truncation from 'double' to 'float'
C:\Users\ADMIN\source\repos\Practical 1\Practical 1\Source.cpp(512,39): warning C4305: 'argument': truncation from 'double' to 'GLfloat'
C:\Users\ADMIN\source\repos\Practical 1\Practical 1\Source.cpp(513,39): warning C4305: 'argument': truncation from 'double' to 'float'
C:\Users\ADMIN\source\repos\Practical 1\Practical 1\Source.cpp(518,40): warning C4305: 'argument': truncation from 'double' to 'float'
C:\Users\ADMIN\source\repos\Practical 1\Practical 1\Source.cpp(522,11): warning C4305: '=': truncation from 'double' to 'float'
C:\Users\ADMIN\source\repos\Practical 1\Practical 1\Source.cpp(522,23): warning C4305: '=': truncation from 'double' to 'float'
C:\Users\ADMIN\source\repos\Practical 1\Practical 1\Source.cpp(524,39): warning C4305: 'argument': truncation from 'double' to 'GLfloat'
C:\Users\ADMIN\source\repos\Practical 1\Practical 1\Source.cpp(525,39): warning C4305: 'argument': truncation from 'double' to 'float'
C:\Users\ADMIN\source\repos\Practical 1\Practical 1\Source.cpp(530,39): warning C4305: 'argument': truncation from 'double' to 'float'
C:\Users\ADMIN\source\repos\Practical 1\Practical 1\Source.cpp(534,39): warning C4305: 'argument': truncation from 'double' to 'GLfloat'
C:\Users\ADMIN\source\repos\Practical 1\Practical 1\Source.cpp(535,41): warning C4305: 'argument': truncation from 'double' to 'float'
C:\Users\ADMIN\source\repos\Practical 1\Practical 1\Source.cpp(539,20): warning C4305: '=': truncation from 'double' to 'float'
C:\Users\ADMIN\source\repos\Practical 1\Practical 1\Source.cpp(541,40): warning C4305: 'argument': truncation from 'double' to 'GLfloat'
C:\Users\ADMIN\source\repos\Practical 1\Practical 1\Source.cpp(542,39): warning C4305: 'argument': truncation from 'double' to 'float'
C:\Users\ADMIN\source\repos\Practical 1\Practical 1\Source.cpp(546,20): warning C4305: '=': truncation from 'double' to 'float'
C:\Users\ADMIN\source\repos\Practical 1\Practical 1\Source.cpp(549,39): warning C4305: 'argument': truncation from 'double' to 'float'
C:\Users\ADMIN\source\repos\Practical 1\Practical 1\Source.cpp(554,40): warning C4305: 'argument': truncation from 'double' to 'GLfloat'
C:\Users\ADMIN\source\repos\Practical 1\Practical 1\Source.cpp(556,26): warning C4305: 'argument': truncation from 'double' to 'GLfloat'
C:\Users\ADMIN\source\repos\Practical 1\Practical 1\Source.cpp(557,24): warning C4305: 'argument': truncation from 'double' to 'GLfloat'
C:\Users\ADMIN\source\repos\Practical 1\Practical 1\Source.cpp(558,24): warning C4305: 'argument': truncation from 'double' to 'GLfloat'
C:\Users\ADMIN\source\repos\Practical 1\Practical 1\Source.cpp(559,25): warning C4305: 'argument': truncation from 'double' to 'GLfloat'
C:\Users\ADMIN\source\repos\Practical 1\Practical 1\Source.cpp(568,25): warning C4305: 'argument': truncation from 'double' to 'GLfloat'
C:\Users\ADMIN\source\repos\Practical 1\Practical 1\Source.cpp(569,24): warning C4305: 'argument': truncation from 'double' to 'GLfloat'
C:\Users\ADMIN\source\repos\Practical 1\Practical 1\Source.cpp(570,24): warning C4305: 'argument': truncation from 'double' to 'GLfloat'
C:\Users\ADMIN\source\repos\Practical 1\Practical 1\Source.cpp(571,25): warning C4305: 'argument': truncation from 'double' to 'GLfloat'
C:\Users\ADMIN\source\repos\Practical 1\Practical 1\Source.cpp(576,13): warning C4305: '=': truncation from 'double' to 'float'
C:\Users\ADMIN\source\repos\Practical 1\Practical 1\Source.cpp(576,25): warning C4305: '=': truncation from 'double' to 'float'
C:\Users\ADMIN\source\repos\Practical 1\Practical 1\Source.cpp(579,41): warning C4305: 'argument': truncation from 'double' to 'float'
C:\Users\ADMIN\source\repos\Practical 1\Practical 1\Source.cpp(587,25): warning C4305: 'argument': truncation from 'double' to 'GLfloat'
C:\Users\ADMIN\source\repos\Practical 1\Practical 1\Source.cpp(588,24): warning C4305: 'argument': truncation from 'double' to 'GLfloat'
C:\Users\ADMIN\source\repos\Practical 1\Practical 1\Source.cpp(597,24): warning C4305: 'argument': truncation from 'double' to 'GLfloat'
C:\Users\ADMIN\source\repos\Practical 1\Practical 1\Source.cpp(598,24): warning C4305: 'argument': truncation from 'double' to 'GLfloat'
C:\Users\ADMIN\source\repos\Practical 1\Practical 1\Source.cpp(605,24): warning C4305: 'argument': truncation from 'double' to 'GLfloat'
C:\Users\ADMIN\source\repos\Practical 1\Practical 1\Source.cpp(606,24): warning C4305: 'argument': truncation from 'double' to 'GLfloat'
C:\Users\ADMIN\source\repos\Practical 1\Practical 1\Source.cpp(613,25): warning C4305: 'argument': truncation from 'double' to 'GLfloat'
C:\Users\ADMIN\source\repos\Practical 1\Practical 1\Source.cpp(614,24): warning C4305: 'argument': truncation from 'double' to 'GLfloat'
C:\Users\ADMIN\source\repos\Practical 1\Practical 1\Source.cpp(623,23): warning C4305: 'argument': truncation from 'double' to 'GLfloat'
C:\Users\ADMIN\source\repos\Practical 1\Practical 1\Source.cpp(624,23): warning C4305: 'argument': truncation from 'double' to 'GLfloat'
C:\Users\ADMIN\source\repos\Practical 1\Practical 1\Source.cpp(631,23): warning C4305: 'argument': truncation from 'double' to 'GLfloat'
C:\Users\ADMIN\source\repos\Practical 1\Practical 1\Source.cpp(632,23): warning C4305: 'argument': truncation from 'double' to 'GLfloat'
C:\Users\ADMIN\source\repos\Practical 1\Practical 1\Source.cpp(639,24): warning C4305: 'argument': truncation from 'double' to 'GLfloat'
C:\Users\ADMIN\source\repos\Practical 1\Practical 1\Source.cpp(640,23): warning C4305: 'argument': truncation from 'double' to 'GLfloat'
C:\Users\ADMIN\source\repos\Practical 1\Practical 1\Source.cpp(650,11): warning C4305: '=': truncation from 'double' to 'float'
C:\Users\ADMIN\source\repos\Practical 1\Practical 1\Source.cpp(650,22): warning C4305: '=': truncation from 'double' to 'float'
C:\Users\ADMIN\source\repos\Practical 1\Practical 1\Source.cpp(653,39): warning C4305: 'argument': truncation from 'double' to 'float'
C:\Users\ADMIN\source\repos\Practical 1\Practical 1\Source.cpp(657,11): warning C4305: '=': truncation from 'double' to 'float'
C:\Users\ADMIN\source\repos\Practical 1\Practical 1\Source.cpp(657,22): warning C4305: '=': truncation from 'double' to 'float'
C:\Users\ADMIN\source\repos\Practical 1\Practical 1\Source.cpp(660,39): warning C4305: 'argument': truncation from 'double' to 'float'
C:\Users\ADMIN\source\repos\Practical 1\Practical 1\Source.cpp(666,23): warning C4305: 'argument': truncation from 'double' to 'GLfloat'
C:\Users\ADMIN\source\repos\Practical 1\Practical 1\Source.cpp(667,23): warning C4305: 'argument': truncation from 'double' to 'GLfloat'
C:\Users\ADMIN\source\repos\Practical 1\Practical 1\Source.cpp(668,23): warning C4305: 'argument': truncation from 'double' to 'GLfloat'
C:\Users\ADMIN\source\repos\Practical 1\Practical 1\Source.cpp(646,20): warning C4101: 'y2': unreferenced local variable
C:\Users\ADMIN\source\repos\Practical 1\Practical 1\Source.cpp(646,16): warning C4101: 'x2': unreferenced local variable
C:\Users\ADMIN\source\repos\Practical 1\Practical 1\Source.cpp(716,1): warning C4244: 'argument': conversion from 'double' to 'int', possible loss of data
  Practical 1.vcxproj -> C:\Users\ADMIN\source\repos\Practical 1\Debug\Practical 1.exe
