  main practical 2.cpp
C:\Users\ADMIN\source\repos\P2 - Phang Wai Hong (RSF2G1)\Practical2\main practical 2.cpp(10,1): warning C4005: 'CW_USEDEFAULT': macro redefinition
C:\Program Files (x86)\Windows Kits\10\Include\10.0.18362.0\um\winuser.h(4403): message : see previous definition of 'CW_USEDEFAULT'
C:\Users\ADMIN\source\repos\P2 - Phang Wai Hong (RSF2G1)\Practical2\main practical 2.cpp(18,15): warning C4305: 'initializing': truncation from 'double' to 'float'
C:\Users\ADMIN\source\repos\P2 - Phang Wai Hong (RSF2G1)\Practical2\main practical 2.cpp(18,25): warning C4305: 'initializing': truncation from 'double' to 'float'
C:\Users\ADMIN\source\repos\P2 - Phang Wai Hong (RSF2G1)\Practical2\main practical 2.cpp(18,35): warning C4305: 'initializing': truncation from 'double' to 'float'
C:\Users\ADMIN\source\repos\P2 - Phang Wai Hong (RSF2G1)\Practical2\main practical 2.cpp(18,45): warning C4305: 'initializing': truncation from 'double' to 'float'
C:\Users\ADMIN\source\repos\P2 - Phang Wai Hong (RSF2G1)\Practical2\main practical 2.cpp(18,65): warning C4305: 'initializing': truncation from 'double' to 'float'
C:\Users\ADMIN\source\repos\P2 - Phang Wai Hong (RSF2G1)\Practical2\main practical 2.cpp(35,8): warning C4101: 'zCoor': unreferenced local variable
C:\Users\ADMIN\source\repos\P2 - Phang Wai Hong (RSF2G1)\Practical2\main practical 2.cpp(154,22): warning C4305: 'argument': truncation from 'double' to 'GLfloat'
C:\Users\ADMIN\source\repos\P2 - Phang Wai Hong (RSF2G1)\Practical2\main practical 2.cpp(155,23): warning C4305: 'argument': truncation from 'double' to 'GLfloat'
C:\Users\ADMIN\source\repos\P2 - Phang Wai Hong (RSF2G1)\Practical2\main practical 2.cpp(156,22): warning C4305: 'argument': truncation from 'double' to 'GLfloat'
C:\Users\ADMIN\source\repos\P2 - Phang Wai Hong (RSF2G1)\Practical2\main practical 2.cpp(157,21): warning C4305: 'argument': truncation from 'double' to 'GLfloat'
C:\Users\ADMIN\source\repos\P2 - Phang Wai Hong (RSF2G1)\Practical2\main practical 2.cpp(168,22): warning C4305: 'argument': truncation from 'double' to 'GLfloat'
C:\Users\ADMIN\source\repos\P2 - Phang Wai Hong (RSF2G1)\Practical2\main practical 2.cpp(169,21): warning C4305: 'argument': truncation from 'double' to 'GLfloat'
C:\Users\ADMIN\source\repos\P2 - Phang Wai Hong (RSF2G1)\Practical2\main practical 2.cpp(170,22): warning C4305: 'argument': truncation from 'double' to 'GLfloat'
C:\Users\ADMIN\source\repos\P2 - Phang Wai Hong (RSF2G1)\Practical2\main practical 2.cpp(171,23): warning C4305: 'argument': truncation from 'double' to 'GLfloat'
C:\Users\ADMIN\source\repos\P2 - Phang Wai Hong (RSF2G1)\Practical2\main practical 2.cpp(181,20): warning C4305: 'argument': truncation from 'double' to 'GLfloat'
C:\Users\ADMIN\source\repos\P2 - Phang Wai Hong (RSF2G1)\Practical2\main practical 2.cpp(183,23): warning C4305: 'argument': truncation from 'double' to 'GLfloat'
C:\Users\ADMIN\source\repos\P2 - Phang Wai Hong (RSF2G1)\Practical2\main practical 2.cpp(185,22): warning C4305: 'argument': truncation from 'double' to 'GLfloat'
C:\Users\ADMIN\source\repos\P2 - Phang Wai Hong (RSF2G1)\Practical2\main practical 2.cpp(187,19): warning C4305: 'argument': truncation from 'double' to 'GLfloat'
C:\Users\ADMIN\source\repos\P2 - Phang Wai Hong (RSF2G1)\Practical2\main practical 2.cpp(189,23): warning C4305: 'argument': truncation from 'double' to 'GLfloat'
C:\Users\ADMIN\source\repos\P2 - Phang Wai Hong (RSF2G1)\Practical2\main practical 2.cpp(191,24): warning C4305: 'argument': truncation from 'double' to 'GLfloat'
C:\Users\ADMIN\source\repos\P2 - Phang Wai Hong (RSF2G1)\Practical2\main practical 2.cpp(193,20): warning C4305: 'argument': truncation from 'double' to 'GLfloat'
C:\Users\ADMIN\source\repos\P2 - Phang Wai Hong (RSF2G1)\Practical2\main practical 2.cpp(202,19): warning C4305: 'argument': truncation from 'double' to 'GLfloat'
C:\Users\ADMIN\source\repos\P2 - Phang Wai Hong (RSF2G1)\Practical2\main practical 2.cpp(204,23): warning C4305: 'argument': truncation from 'double' to 'GLfloat'
C:\Users\ADMIN\source\repos\P2 - Phang Wai Hong (RSF2G1)\Practical2\main practical 2.cpp(205,22): warning C4305: 'argument': truncation from 'double' to 'GLfloat'
C:\Users\ADMIN\source\repos\P2 - Phang Wai Hong (RSF2G1)\Practical2\main practical 2.cpp(211,23): warning C4305: 'argument': truncation from 'double' to 'GLfloat'
C:\Users\ADMIN\source\repos\P2 - Phang Wai Hong (RSF2G1)\Practical2\main practical 2.cpp(213,20): warning C4305: 'argument': truncation from 'double' to 'GLfloat'
C:\Users\ADMIN\source\repos\P2 - Phang Wai Hong (RSF2G1)\Practical2\main practical 2.cpp(214,23): warning C4305: 'argument': truncation from 'double' to 'GLfloat'
C:\Users\ADMIN\source\repos\P2 - Phang Wai Hong (RSF2G1)\Practical2\main practical 2.cpp(220,24): warning C4305: 'argument': truncation from 'double' to 'GLfloat'
C:\Users\ADMIN\source\repos\P2 - Phang Wai Hong (RSF2G1)\Practical2\main practical 2.cpp(222,24): warning C4305: 'argument': truncation from 'double' to 'GLfloat'
C:\Users\ADMIN\source\repos\P2 - Phang Wai Hong (RSF2G1)\Practical2\main practical 2.cpp(223,20): warning C4305: 'argument': truncation from 'double' to 'GLfloat'
C:\Users\ADMIN\source\repos\P2 - Phang Wai Hong (RSF2G1)\Practical2\main practical 2.cpp(229,20): warning C4305: 'argument': truncation from 'double' to 'GLfloat'
C:\Users\ADMIN\source\repos\P2 - Phang Wai Hong (RSF2G1)\Practical2\main practical 2.cpp(231,24): warning C4305: 'argument': truncation from 'double' to 'GLfloat'
C:\Users\ADMIN\source\repos\P2 - Phang Wai Hong (RSF2G1)\Practical2\main practical 2.cpp(232,23): warning C4305: 'argument': truncation from 'double' to 'GLfloat'
C:\Users\ADMIN\source\repos\P2 - Phang Wai Hong (RSF2G1)\Practical2\main practical 2.cpp(238,23): warning C4305: 'argument': truncation from 'double' to 'GLfloat'
C:\Users\ADMIN\source\repos\P2 - Phang Wai Hong (RSF2G1)\Practical2\main practical 2.cpp(240,23): warning C4305: 'argument': truncation from 'double' to 'GLfloat'
C:\Users\ADMIN\source\repos\P2 - Phang Wai Hong (RSF2G1)\Practical2\main practical 2.cpp(241,19): warning C4305: 'argument': truncation from 'double' to 'GLfloat'
C:\Users\ADMIN\source\repos\P2 - Phang Wai Hong (RSF2G1)\Practical2\main practical 2.cpp(247,22): warning C4305: 'argument': truncation from 'double' to 'GLfloat'
C:\Users\ADMIN\source\repos\P2 - Phang Wai Hong (RSF2G1)\Practical2\main practical 2.cpp(249,19): warning C4305: 'argument': truncation from 'double' to 'GLfloat'
C:\Users\ADMIN\source\repos\P2 - Phang Wai Hong (RSF2G1)\Practical2\main practical 2.cpp(250,22): warning C4305: 'argument': truncation from 'double' to 'GLfloat'
C:\Users\ADMIN\source\repos\P2 - Phang Wai Hong (RSF2G1)\Practical2\main practical 2.cpp(259,18): warning C4305: 'initializing': truncation from 'double' to 'float'
C:\Users\ADMIN\source\repos\P2 - Phang Wai Hong (RSF2G1)\Practical2\main practical 2.cpp(283,28): warning C4305: 'argument': truncation from 'double' to 'GLfloat'
C:\Users\ADMIN\source\repos\P2 - Phang Wai Hong (RSF2G1)\Practical2\main practical 2.cpp(287,27): warning C4305: 'argument': truncation from 'double' to 'GLfloat'
C:\Users\ADMIN\source\repos\P2 - Phang Wai Hong (RSF2G1)\Practical2\main practical 2.cpp(291,27): warning C4305: 'argument': truncation from 'double' to 'GLfloat'
C:\Users\ADMIN\source\repos\P2 - Phang Wai Hong (RSF2G1)\Practical2\main practical 2.cpp(295,28): warning C4305: 'argument': truncation from 'double' to 'GLfloat'
C:\Users\ADMIN\source\repos\P2 - Phang Wai Hong (RSF2G1)\Practical2\main practical 2.cpp(299,16): warning C4305: '+=': truncation from 'double' to 'float'
C:\Users\ADMIN\source\repos\P2 - Phang Wai Hong (RSF2G1)\Practical2\main practical 2.cpp(329,21): warning C4305: 'argument': truncation from 'double' to 'GLfloat'
C:\Users\ADMIN\source\repos\P2 - Phang Wai Hong (RSF2G1)\Practical2\main practical 2.cpp(357,1): warning C4244: 'argument': conversion from 'double' to 'int', possible loss of data
  Practical2.vcxproj -> C:\Users\ADMIN\source\repos\P2 - Phang Wai Hong (RSF2G1)\Debug\Practical2.exe
