  Source.cpp
C:\Users\ADMIN\source\repos\P7 - Phang Wai Hong (RSF2 G1)\P7 - Phang Wai Hong (RSF2 G1)\Source.cpp(34,34): warning C4305: 'initializing': truncation from 'double' to 'float'
C:\Users\ADMIN\source\repos\P7 - Phang Wai Hong (RSF2 G1)\P7 - Phang Wai Hong (RSF2 G1)\Source.cpp(35,31): warning C4305: 'initializing': truncation from 'double' to 'float'
C:\Users\ADMIN\source\repos\P7 - Phang Wai Hong (RSF2 G1)\P7 - Phang Wai Hong (RSF2 G1)\Source.cpp(40,45): warning C4305: 'initializing': truncation from 'double' to 'float'
C:\Users\ADMIN\source\repos\P7 - Phang Wai Hong (RSF2 G1)\P7 - Phang Wai Hong (RSF2 G1)\Source.cpp(136,15): warning C4305: '+=': truncation from 'double' to 'float'
C:\Users\ADMIN\source\repos\P7 - Phang Wai Hong (RSF2 G1)\P7 - Phang Wai Hong (RSF2 G1)\Source.cpp(139,15): warning C4305: '-=': truncation from 'double' to 'float'
C:\Users\ADMIN\source\repos\P7 - Phang Wai Hong (RSF2 G1)\P7 - Phang Wai Hong (RSF2 G1)\Source.cpp(259,24): warning C4305: 'argument': truncation from 'double' to 'GLfloat'
C:\Users\ADMIN\source\repos\P7 - Phang Wai Hong (RSF2 G1)\P7 - Phang Wai Hong (RSF2 G1)\Source.cpp(287,24): warning C4305: 'argument': truncation from 'double' to 'GLfloat'
C:\Users\ADMIN\source\repos\P7 - Phang Wai Hong (RSF2 G1)\P7 - Phang Wai Hong (RSF2 G1)\Source.cpp(289,44): warning C4305: 'argument': truncation from 'double' to 'float'
C:\Users\ADMIN\source\repos\P7 - Phang Wai Hong (RSF2 G1)\P7 - Phang Wai Hong (RSF2 G1)\Source.cpp(296,47): warning C4305: 'argument': truncation from 'double' to 'float'
C:\Users\ADMIN\source\repos\P7 - Phang Wai Hong (RSF2 G1)\P7 - Phang Wai Hong (RSF2 G1)\Source.cpp(317,25): warning C4305: 'argument': truncation from 'double' to 'GLfloat'
C:\Users\ADMIN\source\repos\P7 - Phang Wai Hong (RSF2 G1)\P7 - Phang Wai Hong (RSF2 G1)\Source.cpp(335,24): warning C4305: 'argument': truncation from 'double' to 'GLfloat'
C:\Users\ADMIN\source\repos\P7 - Phang Wai Hong (RSF2 G1)\P7 - Phang Wai Hong (RSF2 G1)\Source.cpp(358,31): warning C4305: 'argument': truncation from 'double' to 'GLfloat'
C:\Users\ADMIN\source\repos\P7 - Phang Wai Hong (RSF2 G1)\P7 - Phang Wai Hong (RSF2 G1)\Source.cpp(364,31): warning C4305: 'argument': truncation from 'double' to 'GLfloat'
C:\Users\ADMIN\source\repos\P7 - Phang Wai Hong (RSF2 G1)\P7 - Phang Wai Hong (RSF2 G1)\Source.cpp(370,31): warning C4305: 'argument': truncation from 'double' to 'GLfloat'
C:\Users\ADMIN\source\repos\P7 - Phang Wai Hong (RSF2 G1)\P7 - Phang Wai Hong (RSF2 G1)\Source.cpp(376,31): warning C4305: 'argument': truncation from 'double' to 'GLfloat'
C:\Users\ADMIN\source\repos\P7 - Phang Wai Hong (RSF2 G1)\P7 - Phang Wai Hong (RSF2 G1)\Source.cpp(435,32): warning C4305: 'argument': truncation from 'double' to 'GLfloat'
C:\Users\ADMIN\source\repos\P7 - Phang Wai Hong (RSF2 G1)\P7 - Phang Wai Hong (RSF2 G1)\Source.cpp(440,31): warning C4305: 'argument': truncation from 'double' to 'GLfloat'
C:\Users\ADMIN\source\repos\P7 - Phang Wai Hong (RSF2 G1)\P7 - Phang Wai Hong (RSF2 G1)\Source.cpp(470,15): warning C4244: 'argument': conversion from 'int' to 'GLfloat', possible loss of data
C:\Users\ADMIN\source\repos\P7 - Phang Wai Hong (RSF2 G1)\P7 - Phang Wai Hong (RSF2 G1)\Source.cpp(471,25): warning C4305: 'argument': truncation from 'double' to 'GLfloat'
C:\Users\ADMIN\source\repos\P7 - Phang Wai Hong (RSF2 G1)\P7 - Phang Wai Hong (RSF2 G1)\Source.cpp(472,33): warning C4305: 'argument': truncation from 'double' to 'GLfloat'
C:\Users\ADMIN\source\repos\P7 - Phang Wai Hong (RSF2 G1)\P7 - Phang Wai Hong (RSF2 G1)\Source.cpp(481,20): warning C4244: 'argument': conversion from 'double' to 'GLfloat', possible loss of data
C:\Users\ADMIN\source\repos\P7 - Phang Wai Hong (RSF2 G1)\P7 - Phang Wai Hong (RSF2 G1)\Source.cpp(495,25): warning C4305: 'argument': truncation from 'double' to 'GLfloat'
C:\Users\ADMIN\source\repos\P7 - Phang Wai Hong (RSF2 G1)\P7 - Phang Wai Hong (RSF2 G1)\Source.cpp(497,24): warning C4305: 'argument': truncation from 'double' to 'GLfloat'
C:\Users\ADMIN\source\repos\P7 - Phang Wai Hong (RSF2 G1)\P7 - Phang Wai Hong (RSF2 G1)\Source.cpp(503,24): warning C4305: 'argument': truncation from 'double' to 'GLfloat'
C:\Users\ADMIN\source\repos\P7 - Phang Wai Hong (RSF2 G1)\P7 - Phang Wai Hong (RSF2 G1)\Source.cpp(504,38): warning C4305: '+=': truncation from 'double' to 'float'
C:\Users\ADMIN\source\repos\P7 - Phang Wai Hong (RSF2 G1)\P7 - Phang Wai Hong (RSF2 G1)\Source.cpp(513,24): warning C4305: 'argument': truncation from 'double' to 'GLfloat'
C:\Users\ADMIN\source\repos\P7 - Phang Wai Hong (RSF2 G1)\P7 - Phang Wai Hong (RSF2 G1)\Source.cpp(515,24): warning C4305: 'argument': truncation from 'double' to 'GLfloat'
C:\Users\ADMIN\source\repos\P7 - Phang Wai Hong (RSF2 G1)\P7 - Phang Wai Hong (RSF2 G1)\Source.cpp(519,25): warning C4305: 'argument': truncation from 'double' to 'GLfloat'
C:\Users\ADMIN\source\repos\P7 - Phang Wai Hong (RSF2 G1)\P7 - Phang Wai Hong (RSF2 G1)\Source.cpp(520,38): warning C4305: '+=': truncation from 'double' to 'float'
C:\Users\ADMIN\source\repos\P7 - Phang Wai Hong (RSF2 G1)\P7 - Phang Wai Hong (RSF2 G1)\Source.cpp(543,25): warning C4305: 'argument': truncation from 'double' to 'GLfloat'
C:\Users\ADMIN\source\repos\P7 - Phang Wai Hong (RSF2 G1)\P7 - Phang Wai Hong (RSF2 G1)\Source.cpp(551,25): warning C4305: 'argument': truncation from 'double' to 'GLfloat'
C:\Users\ADMIN\source\repos\P7 - Phang Wai Hong (RSF2 G1)\P7 - Phang Wai Hong (RSF2 G1)\Source.cpp(564,48): warning C4305: 'argument': truncation from 'double' to 'float'
C:\Users\ADMIN\source\repos\P7 - Phang Wai Hong (RSF2 G1)\P7 - Phang Wai Hong (RSF2 G1)\Source.cpp(584,24): warning C4305: 'argument': truncation from 'double' to 'GLfloat'
C:\Users\ADMIN\source\repos\P7 - Phang Wai Hong (RSF2 G1)\P7 - Phang Wai Hong (RSF2 G1)\Source.cpp(590,25): warning C4305: 'argument': truncation from 'double' to 'GLfloat'
C:\Users\ADMIN\source\repos\P7 - Phang Wai Hong (RSF2 G1)\P7 - Phang Wai Hong (RSF2 G1)\Source.cpp(597,24): warning C4305: 'argument': truncation from 'double' to 'GLfloat'
C:\Users\ADMIN\source\repos\P7 - Phang Wai Hong (RSF2 G1)\P7 - Phang Wai Hong (RSF2 G1)\Source.cpp(604,25): warning C4305: 'argument': truncation from 'double' to 'GLfloat'
C:\Users\ADMIN\source\repos\P7 - Phang Wai Hong (RSF2 G1)\P7 - Phang Wai Hong (RSF2 G1)\Source.cpp(610,31): warning C4305: 'argument': truncation from 'double' to 'GLfloat'
C:\Users\ADMIN\source\repos\P7 - Phang Wai Hong (RSF2 G1)\P7 - Phang Wai Hong (RSF2 G1)\Source.cpp(611,14): warning C4305: 'argument': truncation from 'double' to 'float'
C:\Users\ADMIN\source\repos\P7 - Phang Wai Hong (RSF2 G1)\P7 - Phang Wai Hong (RSF2 G1)\Source.cpp(615,31): warning C4305: 'argument': truncation from 'double' to 'GLfloat'
C:\Users\ADMIN\source\repos\P7 - Phang Wai Hong (RSF2 G1)\P7 - Phang Wai Hong (RSF2 G1)\Source.cpp(620,31): warning C4305: 'argument': truncation from 'double' to 'GLfloat'
C:\Users\ADMIN\source\repos\P7 - Phang Wai Hong (RSF2 G1)\P7 - Phang Wai Hong (RSF2 G1)\Source.cpp(621,14): warning C4305: 'argument': truncation from 'double' to 'float'
C:\Users\ADMIN\source\repos\P7 - Phang Wai Hong (RSF2 G1)\P7 - Phang Wai Hong (RSF2 G1)\Source.cpp(625,31): warning C4305: 'argument': truncation from 'double' to 'GLfloat'
C:\Users\ADMIN\source\repos\P7 - Phang Wai Hong (RSF2 G1)\P7 - Phang Wai Hong (RSF2 G1)\Source.cpp(626,13): warning C4305: 'argument': truncation from 'double' to 'float'
C:\Users\ADMIN\source\repos\P7 - Phang Wai Hong (RSF2 G1)\P7 - Phang Wai Hong (RSF2 G1)\Source.cpp(630,31): warning C4305: 'argument': truncation from 'double' to 'GLfloat'
C:\Users\ADMIN\source\repos\P7 - Phang Wai Hong (RSF2 G1)\P7 - Phang Wai Hong (RSF2 G1)\Source.cpp(631,14): warning C4305: 'argument': truncation from 'double' to 'float'
C:\Users\ADMIN\source\repos\P7 - Phang Wai Hong (RSF2 G1)\P7 - Phang Wai Hong (RSF2 G1)\Source.cpp(635,31): warning C4305: 'argument': truncation from 'double' to 'GLfloat'
C:\Users\ADMIN\source\repos\P7 - Phang Wai Hong (RSF2 G1)\P7 - Phang Wai Hong (RSF2 G1)\Source.cpp(636,14): warning C4305: 'argument': truncation from 'double' to 'float'
C:\Users\ADMIN\source\repos\P7 - Phang Wai Hong (RSF2 G1)\P7 - Phang Wai Hong (RSF2 G1)\Source.cpp(640,31): warning C4305: 'argument': truncation from 'double' to 'GLfloat'
C:\Users\ADMIN\source\repos\P7 - Phang Wai Hong (RSF2 G1)\P7 - Phang Wai Hong (RSF2 G1)\Source.cpp(641,14): warning C4305: 'argument': truncation from 'double' to 'float'
C:\Users\ADMIN\source\repos\P7 - Phang Wai Hong (RSF2 G1)\P7 - Phang Wai Hong (RSF2 G1)\Source.cpp(645,31): warning C4305: 'argument': truncation from 'double' to 'GLfloat'
C:\Users\ADMIN\source\repos\P7 - Phang Wai Hong (RSF2 G1)\P7 - Phang Wai Hong (RSF2 G1)\Source.cpp(646,14): warning C4305: 'argument': truncation from 'double' to 'float'
C:\Users\ADMIN\source\repos\P7 - Phang Wai Hong (RSF2 G1)\P7 - Phang Wai Hong (RSF2 G1)\Source.cpp(650,31): warning C4305: 'argument': truncation from 'double' to 'GLfloat'
C:\Users\ADMIN\source\repos\P7 - Phang Wai Hong (RSF2 G1)\P7 - Phang Wai Hong (RSF2 G1)\Source.cpp(651,14): warning C4305: 'argument': truncation from 'double' to 'float'
C:\Users\ADMIN\source\repos\P7 - Phang Wai Hong (RSF2 G1)\P7 - Phang Wai Hong (RSF2 G1)\Source.cpp(655,31): warning C4305: 'argument': truncation from 'double' to 'GLfloat'
C:\Users\ADMIN\source\repos\P7 - Phang Wai Hong (RSF2 G1)\P7 - Phang Wai Hong (RSF2 G1)\Source.cpp(656,14): warning C4305: 'argument': truncation from 'double' to 'float'
C:\Users\ADMIN\source\repos\P7 - Phang Wai Hong (RSF2 G1)\P7 - Phang Wai Hong (RSF2 G1)\Source.cpp(661,30): warning C4305: 'argument': truncation from 'double' to 'GLfloat'
C:\Users\ADMIN\source\repos\P7 - Phang Wai Hong (RSF2 G1)\P7 - Phang Wai Hong (RSF2 G1)\Source.cpp(662,14): warning C4305: 'argument': truncation from 'double' to 'float'
C:\Users\ADMIN\source\repos\P7 - Phang Wai Hong (RSF2 G1)\P7 - Phang Wai Hong (RSF2 G1)\Source.cpp(666,30): warning C4305: 'argument': truncation from 'double' to 'GLfloat'
C:\Users\ADMIN\source\repos\P7 - Phang Wai Hong (RSF2 G1)\P7 - Phang Wai Hong (RSF2 G1)\Source.cpp(671,30): warning C4305: 'argument': truncation from 'double' to 'GLfloat'
C:\Users\ADMIN\source\repos\P7 - Phang Wai Hong (RSF2 G1)\P7 - Phang Wai Hong (RSF2 G1)\Source.cpp(672,14): warning C4305: 'argument': truncation from 'double' to 'float'
C:\Users\ADMIN\source\repos\P7 - Phang Wai Hong (RSF2 G1)\P7 - Phang Wai Hong (RSF2 G1)\Source.cpp(676,30): warning C4305: 'argument': truncation from 'double' to 'GLfloat'
C:\Users\ADMIN\source\repos\P7 - Phang Wai Hong (RSF2 G1)\P7 - Phang Wai Hong (RSF2 G1)\Source.cpp(677,13): warning C4305: 'argument': truncation from 'double' to 'float'
C:\Users\ADMIN\source\repos\P7 - Phang Wai Hong (RSF2 G1)\P7 - Phang Wai Hong (RSF2 G1)\Source.cpp(681,30): warning C4305: 'argument': truncation from 'double' to 'GLfloat'
C:\Users\ADMIN\source\repos\P7 - Phang Wai Hong (RSF2 G1)\P7 - Phang Wai Hong (RSF2 G1)\Source.cpp(682,14): warning C4305: 'argument': truncation from 'double' to 'float'
C:\Users\ADMIN\source\repos\P7 - Phang Wai Hong (RSF2 G1)\P7 - Phang Wai Hong (RSF2 G1)\Source.cpp(686,30): warning C4305: 'argument': truncation from 'double' to 'GLfloat'
C:\Users\ADMIN\source\repos\P7 - Phang Wai Hong (RSF2 G1)\P7 - Phang Wai Hong (RSF2 G1)\Source.cpp(687,14): warning C4305: 'argument': truncation from 'double' to 'float'
C:\Users\ADMIN\source\repos\P7 - Phang Wai Hong (RSF2 G1)\P7 - Phang Wai Hong (RSF2 G1)\Source.cpp(691,30): warning C4305: 'argument': truncation from 'double' to 'GLfloat'
C:\Users\ADMIN\source\repos\P7 - Phang Wai Hong (RSF2 G1)\P7 - Phang Wai Hong (RSF2 G1)\Source.cpp(692,14): warning C4305: 'argument': truncation from 'double' to 'float'
C:\Users\ADMIN\source\repos\P7 - Phang Wai Hong (RSF2 G1)\P7 - Phang Wai Hong (RSF2 G1)\Source.cpp(696,30): warning C4305: 'argument': truncation from 'double' to 'GLfloat'
C:\Users\ADMIN\source\repos\P7 - Phang Wai Hong (RSF2 G1)\P7 - Phang Wai Hong (RSF2 G1)\Source.cpp(697,14): warning C4305: 'argument': truncation from 'double' to 'float'
C:\Users\ADMIN\source\repos\P7 - Phang Wai Hong (RSF2 G1)\P7 - Phang Wai Hong (RSF2 G1)\Source.cpp(701,30): warning C4305: 'argument': truncation from 'double' to 'GLfloat'
C:\Users\ADMIN\source\repos\P7 - Phang Wai Hong (RSF2 G1)\P7 - Phang Wai Hong (RSF2 G1)\Source.cpp(702,14): warning C4305: 'argument': truncation from 'double' to 'float'
C:\Users\ADMIN\source\repos\P7 - Phang Wai Hong (RSF2 G1)\P7 - Phang Wai Hong (RSF2 G1)\Source.cpp(706,30): warning C4305: 'argument': truncation from 'double' to 'GLfloat'
C:\Users\ADMIN\source\repos\P7 - Phang Wai Hong (RSF2 G1)\P7 - Phang Wai Hong (RSF2 G1)\Source.cpp(707,14): warning C4305: 'argument': truncation from 'double' to 'float'
C:\Users\ADMIN\source\repos\P7 - Phang Wai Hong (RSF2 G1)\P7 - Phang Wai Hong (RSF2 G1)\Source.cpp(715,24): warning C4305: 'argument': truncation from 'double' to 'GLfloat'
C:\Users\ADMIN\source\repos\P7 - Phang Wai Hong (RSF2 G1)\P7 - Phang Wai Hong (RSF2 G1)\Source.cpp(722,25): warning C4305: 'argument': truncation from 'double' to 'GLfloat'
C:\Users\ADMIN\source\repos\P7 - Phang Wai Hong (RSF2 G1)\P7 - Phang Wai Hong (RSF2 G1)\Source.cpp(729,31): warning C4305: 'argument': truncation from 'double' to 'GLfloat'
C:\Users\ADMIN\source\repos\P7 - Phang Wai Hong (RSF2 G1)\P7 - Phang Wai Hong (RSF2 G1)\Source.cpp(730,14): warning C4305: 'argument': truncation from 'double' to 'float'
C:\Users\ADMIN\source\repos\P7 - Phang Wai Hong (RSF2 G1)\P7 - Phang Wai Hong (RSF2 G1)\Source.cpp(735,31): warning C4305: 'argument': truncation from 'double' to 'GLfloat'
C:\Users\ADMIN\source\repos\P7 - Phang Wai Hong (RSF2 G1)\P7 - Phang Wai Hong (RSF2 G1)\Source.cpp(741,31): warning C4305: 'argument': truncation from 'double' to 'GLfloat'
C:\Users\ADMIN\source\repos\P7 - Phang Wai Hong (RSF2 G1)\P7 - Phang Wai Hong (RSF2 G1)\Source.cpp(742,14): warning C4305: 'argument': truncation from 'double' to 'float'
C:\Users\ADMIN\source\repos\P7 - Phang Wai Hong (RSF2 G1)\P7 - Phang Wai Hong (RSF2 G1)\Source.cpp(747,31): warning C4305: 'argument': truncation from 'double' to 'GLfloat'
C:\Users\ADMIN\source\repos\P7 - Phang Wai Hong (RSF2 G1)\P7 - Phang Wai Hong (RSF2 G1)\Source.cpp(748,13): warning C4305: 'argument': truncation from 'double' to 'float'
C:\Users\ADMIN\source\repos\P7 - Phang Wai Hong (RSF2 G1)\P7 - Phang Wai Hong (RSF2 G1)\Source.cpp(753,31): warning C4305: 'argument': truncation from 'double' to 'GLfloat'
C:\Users\ADMIN\source\repos\P7 - Phang Wai Hong (RSF2 G1)\P7 - Phang Wai Hong (RSF2 G1)\Source.cpp(754,14): warning C4305: 'argument': truncation from 'double' to 'float'
C:\Users\ADMIN\source\repos\P7 - Phang Wai Hong (RSF2 G1)\P7 - Phang Wai Hong (RSF2 G1)\Source.cpp(759,31): warning C4305: 'argument': truncation from 'double' to 'GLfloat'
C:\Users\ADMIN\source\repos\P7 - Phang Wai Hong (RSF2 G1)\P7 - Phang Wai Hong (RSF2 G1)\Source.cpp(760,14): warning C4305: 'argument': truncation from 'double' to 'float'
C:\Users\ADMIN\source\repos\P7 - Phang Wai Hong (RSF2 G1)\P7 - Phang Wai Hong (RSF2 G1)\Source.cpp(765,31): warning C4305: 'argument': truncation from 'double' to 'GLfloat'
C:\Users\ADMIN\source\repos\P7 - Phang Wai Hong (RSF2 G1)\P7 - Phang Wai Hong (RSF2 G1)\Source.cpp(766,14): warning C4305: 'argument': truncation from 'double' to 'float'
C:\Users\ADMIN\source\repos\P7 - Phang Wai Hong (RSF2 G1)\P7 - Phang Wai Hong (RSF2 G1)\Source.cpp(771,31): warning C4305: 'argument': truncation from 'double' to 'GLfloat'
C:\Users\ADMIN\source\repos\P7 - Phang Wai Hong (RSF2 G1)\P7 - Phang Wai Hong (RSF2 G1)\Source.cpp(772,14): warning C4305: 'argument': truncation from 'double' to 'float'
C:\Users\ADMIN\source\repos\P7 - Phang Wai Hong (RSF2 G1)\P7 - Phang Wai Hong (RSF2 G1)\Source.cpp(777,31): warning C4305: 'argument': truncation from 'double' to 'GLfloat'
C:\Users\ADMIN\source\repos\P7 - Phang Wai Hong (RSF2 G1)\P7 - Phang Wai Hong (RSF2 G1)\Source.cpp(778,14): warning C4305: 'argument': truncation from 'double' to 'float'
C:\Users\ADMIN\source\repos\P7 - Phang Wai Hong (RSF2 G1)\P7 - Phang Wai Hong (RSF2 G1)\Source.cpp(783,31): warning C4305: 'argument': truncation from 'double' to 'GLfloat'
C:\Users\ADMIN\source\repos\P7 - Phang Wai Hong (RSF2 G1)\P7 - Phang Wai Hong (RSF2 G1)\Source.cpp(784,14): warning C4305: 'argument': truncation from 'double' to 'float'
C:\Users\ADMIN\source\repos\P7 - Phang Wai Hong (RSF2 G1)\P7 - Phang Wai Hong (RSF2 G1)\Source.cpp(790,30): warning C4305: 'argument': truncation from 'double' to 'GLfloat'
C:\Users\ADMIN\source\repos\P7 - Phang Wai Hong (RSF2 G1)\P7 - Phang Wai Hong (RSF2 G1)\Source.cpp(791,14): warning C4305: 'argument': truncation from 'double' to 'float'
C:\Users\ADMIN\source\repos\P7 - Phang Wai Hong (RSF2 G1)\P7 - Phang Wai Hong (RSF2 G1)\Source.cpp(796,30): warning C4305: 'argument': truncation from 'double' to 'GLfloat'
C:\Users\ADMIN\source\repos\P7 - Phang Wai Hong (RSF2 G1)\P7 - Phang Wai Hong (RSF2 G1)\Source.cpp(802,30): warning C4305: 'argument': truncation from 'double' to 'GLfloat'
C:\Users\ADMIN\source\repos\P7 - Phang Wai Hong (RSF2 G1)\P7 - Phang Wai Hong (RSF2 G1)\Source.cpp(803,14): warning C4305: 'argument': truncation from 'double' to 'float'
C:\Users\ADMIN\source\repos\P7 - Phang Wai Hong (RSF2 G1)\P7 - Phang Wai Hong (RSF2 G1)\Source.cpp(808,30): warning C4305: 'argument': truncation from 'double' to 'GLfloat'
C:\Users\ADMIN\source\repos\P7 - Phang Wai Hong (RSF2 G1)\P7 - Phang Wai Hong (RSF2 G1)\Source.cpp(809,13): warning C4305: 'argument': truncation from 'double' to 'float'
C:\Users\ADMIN\source\repos\P7 - Phang Wai Hong (RSF2 G1)\P7 - Phang Wai Hong (RSF2 G1)\Source.cpp(814,30): warning C4305: 'argument': truncation from 'double' to 'GLfloat'
C:\Users\ADMIN\source\repos\P7 - Phang Wai Hong (RSF2 G1)\P7 - Phang Wai Hong (RSF2 G1)\Source.cpp(815,14): warning C4305: 'argument': truncation from 'double' to 'float'
C:\Users\ADMIN\source\repos\P7 - Phang Wai Hong (RSF2 G1)\P7 - Phang Wai Hong (RSF2 G1)\Source.cpp(820,30): warning C4305: 'argument': truncation from 'double' to 'GLfloat'
C:\Users\ADMIN\source\repos\P7 - Phang Wai Hong (RSF2 G1)\P7 - Phang Wai Hong (RSF2 G1)\Source.cpp(821,14): warning C4305: 'argument': truncation from 'double' to 'float'
C:\Users\ADMIN\source\repos\P7 - Phang Wai Hong (RSF2 G1)\P7 - Phang Wai Hong (RSF2 G1)\Source.cpp(826,30): warning C4305: 'argument': truncation from 'double' to 'GLfloat'
C:\Users\ADMIN\source\repos\P7 - Phang Wai Hong (RSF2 G1)\P7 - Phang Wai Hong (RSF2 G1)\Source.cpp(827,14): warning C4305: 'argument': truncation from 'double' to 'float'
C:\Users\ADMIN\source\repos\P7 - Phang Wai Hong (RSF2 G1)\P7 - Phang Wai Hong (RSF2 G1)\Source.cpp(832,30): warning C4305: 'argument': truncation from 'double' to 'GLfloat'
C:\Users\ADMIN\source\repos\P7 - Phang Wai Hong (RSF2 G1)\P7 - Phang Wai Hong (RSF2 G1)\Source.cpp(833,14): warning C4305: 'argument': truncation from 'double' to 'float'
C:\Users\ADMIN\source\repos\P7 - Phang Wai Hong (RSF2 G1)\P7 - Phang Wai Hong (RSF2 G1)\Source.cpp(838,30): warning C4305: 'argument': truncation from 'double' to 'GLfloat'
C:\Users\ADMIN\source\repos\P7 - Phang Wai Hong (RSF2 G1)\P7 - Phang Wai Hong (RSF2 G1)\Source.cpp(839,14): warning C4305: 'argument': truncation from 'double' to 'float'
C:\Users\ADMIN\source\repos\P7 - Phang Wai Hong (RSF2 G1)\P7 - Phang Wai Hong (RSF2 G1)\Source.cpp(844,30): warning C4305: 'argument': truncation from 'double' to 'GLfloat'
C:\Users\ADMIN\source\repos\P7 - Phang Wai Hong (RSF2 G1)\P7 - Phang Wai Hong (RSF2 G1)\Source.cpp(845,14): warning C4305: 'argument': truncation from 'double' to 'float'
C:\Users\ADMIN\source\repos\P7 - Phang Wai Hong (RSF2 G1)\P7 - Phang Wai Hong (RSF2 G1)\Source.cpp(853,28): warning C4305: 'argument': truncation from 'double' to 'GLfloat'
C:\Users\ADMIN\source\repos\P7 - Phang Wai Hong (RSF2 G1)\P7 - Phang Wai Hong (RSF2 G1)\Source.cpp(855,28): warning C4305: 'argument': truncation from 'double' to 'GLfloat'
C:\Users\ADMIN\source\repos\P7 - Phang Wai Hong (RSF2 G1)\P7 - Phang Wai Hong (RSF2 G1)\Source.cpp(856,45): warning C4305: 'argument': truncation from 'double' to 'float'
C:\Users\ADMIN\source\repos\P7 - Phang Wai Hong (RSF2 G1)\P7 - Phang Wai Hong (RSF2 G1)\Source.cpp(866,25): warning C4305: 'argument': truncation from 'double' to 'GLfloat'
C:\Users\ADMIN\source\repos\P7 - Phang Wai Hong (RSF2 G1)\P7 - Phang Wai Hong (RSF2 G1)\Source.cpp(874,25): warning C4305: 'argument': truncation from 'double' to 'GLfloat'
C:\Users\ADMIN\source\repos\P7 - Phang Wai Hong (RSF2 G1)\P7 - Phang Wai Hong (RSF2 G1)\Source.cpp(882,25): warning C4305: 'argument': truncation from 'double' to 'GLfloat'
C:\Users\ADMIN\source\repos\P7 - Phang Wai Hong (RSF2 G1)\P7 - Phang Wai Hong (RSF2 G1)\Source.cpp(889,25): warning C4305: 'argument': truncation from 'double' to 'GLfloat'
C:\Users\ADMIN\source\repos\P7 - Phang Wai Hong (RSF2 G1)\P7 - Phang Wai Hong (RSF2 G1)\Source.cpp(896,25): warning C4305: 'argument': truncation from 'double' to 'GLfloat'
C:\Users\ADMIN\source\repos\P7 - Phang Wai Hong (RSF2 G1)\P7 - Phang Wai Hong (RSF2 G1)\Source.cpp(903,25): warning C4305: 'argument': truncation from 'double' to 'GLfloat'
C:\Users\ADMIN\source\repos\P7 - Phang Wai Hong (RSF2 G1)\P7 - Phang Wai Hong (RSF2 G1)\Source.cpp(912,18): warning C4244: 'argument': conversion from 'double' to 'float', possible loss of data
C:\Users\ADMIN\source\repos\P7 - Phang Wai Hong (RSF2 G1)\P7 - Phang Wai Hong (RSF2 G1)\Source.cpp(913,19): warning C4244: 'argument': conversion from 'double' to 'float', possible loss of data
C:\Users\ADMIN\source\repos\P7 - Phang Wai Hong (RSF2 G1)\P7 - Phang Wai Hong (RSF2 G1)\Source.cpp(914,17): warning C4305: '+=': truncation from 'double' to 'float'
C:\Users\ADMIN\source\repos\P7 - Phang Wai Hong (RSF2 G1)\P7 - Phang Wai Hong (RSF2 G1)\Source.cpp(920,24): warning C4305: 'argument': truncation from 'double' to 'GLfloat'
C:\Users\ADMIN\source\repos\P7 - Phang Wai Hong (RSF2 G1)\P7 - Phang Wai Hong (RSF2 G1)\Source.cpp(921,53): warning C4244: 'argument': conversion from 'double' to 'GLfloat', possible loss of data
C:\Users\ADMIN\source\repos\P7 - Phang Wai Hong (RSF2 G1)\P7 - Phang Wai Hong (RSF2 G1)\Source.cpp(921,58): warning C4305: 'argument': truncation from 'double' to 'GLfloat'
C:\Users\ADMIN\source\repos\P7 - Phang Wai Hong (RSF2 G1)\P7 - Phang Wai Hong (RSF2 G1)\Source.cpp(934,25): warning C4305: 'argument': truncation from 'double' to 'GLfloat'
C:\Users\ADMIN\source\repos\P7 - Phang Wai Hong (RSF2 G1)\P7 - Phang Wai Hong (RSF2 G1)\Source.cpp(935,32): warning C4305: 'argument': truncation from 'double' to 'GLfloat'
C:\Users\ADMIN\source\repos\P7 - Phang Wai Hong (RSF2 G1)\P7 - Phang Wai Hong (RSF2 G1)\Source.cpp(942,26): warning C4305: 'argument': truncation from 'double' to 'GLfloat'
C:\Users\ADMIN\source\repos\P7 - Phang Wai Hong (RSF2 G1)\P7 - Phang Wai Hong (RSF2 G1)\Source.cpp(943,32): warning C4305: 'argument': truncation from 'double' to 'GLfloat'
C:\Users\ADMIN\source\repos\P7 - Phang Wai Hong (RSF2 G1)\P7 - Phang Wai Hong (RSF2 G1)\Source.cpp(950,25): warning C4305: 'argument': truncation from 'double' to 'GLfloat'
C:\Users\ADMIN\source\repos\P7 - Phang Wai Hong (RSF2 G1)\P7 - Phang Wai Hong (RSF2 G1)\Source.cpp(951,32): warning C4305: 'argument': truncation from 'double' to 'GLfloat'
C:\Users\ADMIN\source\repos\P7 - Phang Wai Hong (RSF2 G1)\P7 - Phang Wai Hong (RSF2 G1)\Source.cpp(958,31): warning C4305: 'argument': truncation from 'double' to 'GLfloat'
C:\Users\ADMIN\source\repos\P7 - Phang Wai Hong (RSF2 G1)\P7 - Phang Wai Hong (RSF2 G1)\Source.cpp(959,34): warning C4305: 'argument': truncation from 'double' to 'float'
C:\Users\ADMIN\source\repos\P7 - Phang Wai Hong (RSF2 G1)\P7 - Phang Wai Hong (RSF2 G1)\Source.cpp(965,30): warning C4305: 'argument': truncation from 'double' to 'GLfloat'
C:\Users\ADMIN\source\repos\P7 - Phang Wai Hong (RSF2 G1)\P7 - Phang Wai Hong (RSF2 G1)\Source.cpp(966,34): warning C4305: 'argument': truncation from 'double' to 'float'
C:\Users\ADMIN\source\repos\P7 - Phang Wai Hong (RSF2 G1)\P7 - Phang Wai Hong (RSF2 G1)\Source.cpp(972,29): warning C4305: 'argument': truncation from 'double' to 'GLfloat'
C:\Users\ADMIN\source\repos\P7 - Phang Wai Hong (RSF2 G1)\P7 - Phang Wai Hong (RSF2 G1)\Source.cpp(973,34): warning C4305: 'argument': truncation from 'double' to 'float'
C:\Users\ADMIN\source\repos\P7 - Phang Wai Hong (RSF2 G1)\P7 - Phang Wai Hong (RSF2 G1)\Source.cpp(979,30): warning C4305: 'argument': truncation from 'double' to 'GLfloat'
C:\Users\ADMIN\source\repos\P7 - Phang Wai Hong (RSF2 G1)\P7 - Phang Wai Hong (RSF2 G1)\Source.cpp(980,34): warning C4305: 'argument': truncation from 'double' to 'float'
C:\Users\ADMIN\source\repos\P7 - Phang Wai Hong (RSF2 G1)\P7 - Phang Wai Hong (RSF2 G1)\Source.cpp(1036,24): warning C4305: 'argument': truncation from 'double' to 'GLfloat'
C:\Users\ADMIN\source\repos\P7 - Phang Wai Hong (RSF2 G1)\P7 - Phang Wai Hong (RSF2 G1)\Source.cpp(1052,25): warning C4305: 'argument': truncation from 'double' to 'GLfloat'
C:\Users\ADMIN\source\repos\P7 - Phang Wai Hong (RSF2 G1)\P7 - Phang Wai Hong (RSF2 G1)\Source.cpp(1067,28): warning C4305: 'argument': truncation from 'double' to 'GLfloat'
C:\Users\ADMIN\source\repos\P7 - Phang Wai Hong (RSF2 G1)\P7 - Phang Wai Hong (RSF2 G1)\Source.cpp(1076,26): warning C4305: 'argument': truncation from 'double' to 'GLfloat'
C:\Users\ADMIN\source\repos\P7 - Phang Wai Hong (RSF2 G1)\P7 - Phang Wai Hong (RSF2 G1)\Source.cpp(1077,25): warning C4305: 'argument': truncation from 'double' to 'GLfloat'
C:\Users\ADMIN\source\repos\P7 - Phang Wai Hong (RSF2 G1)\P7 - Phang Wai Hong (RSF2 G1)\Source.cpp(1089,24): warning C4305: 'argument': truncation from 'double' to 'GLfloat'
C:\Users\ADMIN\source\repos\P7 - Phang Wai Hong (RSF2 G1)\P7 - Phang Wai Hong (RSF2 G1)\Source.cpp(1259,1): warning C4244: 'argument': conversion from 'double' to 'int', possible loss of data
  P7 - Phang Wai Hong (RSF2 G1).vcxproj -> C:\Users\ADMIN\source\repos\P7 - Phang Wai Hong (RSF2 G1)\Debug\P7 - Phang Wai Hong (RSF2 G1).exe
